SF:lib\services\database\database_error_handler.dart
DA:12,4
DA:21,4
DA:26,3
DA:29,3
DA:30,3
DA:31,3
DA:32,2
DA:38,3
DA:39,3
DA:40,3
DA:41,3
DA:43,6
DA:44,3
DA:46,3
DA:54,3
DA:55,2
DA:56,2
DA:57,3
DA:64,2
DA:65,2
DA:66,2
DA:67,2
DA:76,2
DA:78,0
DA:87,2
DA:88,2
DA:100,3
DA:109,0
DA:112,3
DA:122,3
DA:123,6
DA:124,3
DA:125,3
DA:134,4
DA:135,4
DA:136,2
DA:139,6
DA:140,3
DA:141,3
DA:142,3
DA:143,3
DA:144,3
DA:145,3
LF:43
LH:41
end_of_record
SF:lib\services\database\db_service_wrapper.dart
DA:21,0
DA:29,0
DA:36,0
DA:58,2
DA:66,2
DA:67,4
DA:73,0
DA:78,0
DA:86,0
DA:87,0
DA:108,1
DA:117,1
DA:118,2
DA:124,1
DA:149,0
DA:158,0
DA:159,0
DA:165,0
DA:190,0
DA:199,0
DA:200,0
DA:206,0
DA:231,0
DA:240,0
DA:241,0
DA:247,0
DA:278,3
DA:292,0
DA:294,3
DA:295,6
DA:311,0
DA:334,3
DA:342,0
DA:344,3
DA:345,6
DA:355,1
DA:380,3
DA:390,0
DA:392,3
DA:393,6
DA:405,0
DA:428,3
DA:436,0
DA:438,3
DA:439,6
DA:449,0
LF:46
LH:20
end_of_record
SF:lib\services\log_service.dart
DA:11,20
DA:14,2
DA:19,2
DA:20,2
DA:21,2
DA:26,5
DA:27,5
DA:28,4
DA:33,5
DA:34,5
DA:35,5
DA:40,7
DA:41,7
DA:42,7
DA:47,11
DA:48,44
DA:52,10
DA:53,20
DA:54,10
DA:57,21
DA:59,12
DA:63,18
LF:22
LH:22
end_of_record
SF:lib\services\database\database_retry.dart
DA:27,15
DA:56,1
DA:57,6
DA:58,2
DA:74,4
DA:83,4
DA:86,4
DA:87,1
DA:88,1
DA:96,2
DA:98,2
DA:107,1
DA:109,2
DA:110,1
DA:111,1
DA:115,2
DA:118,1
DA:132,0
DA:138,0
DA:139,0
LF:20
LH:17
end_of_record
SF:lib\services\database\errors\connection_error.dart
DA:13,3
DA:18,3
LF:2
LH:2
end_of_record
SF:lib\services\database\errors\database_error.dart
DA:27,4
DA:34,4
DA:42,3
DA:44,5
DA:45,9
LF:5
LH:5
end_of_record
SF:lib\services\database\errors\constraint_error.dart
DA:18,3
DA:25,3
DA:35,1
DA:37,1
DA:38,3
DA:39,3
LF:6
LH:6
end_of_record
SF:lib\services\exceptions\blkwds_exception.dart
DA:27,4
DA:34,0
DA:35,0
LF:3
LH:1
end_of_record
SF:lib\services\database\errors\query_error.dart
DA:22,2
DA:30,2
DA:40,0
DA:42,0
DA:43,0
DA:44,0
DA:45,0
DA:46,0
DA:47,0
LF:9
LH:2
end_of_record
SF:lib\services\database\errors\transaction_error.dart
DA:14,0
DA:20,0
LF:2
LH:0
end_of_record
SF:lib\services\database\errors\schema_error.dart
DA:14,4
DA:20,4
LF:2
LH:2
end_of_record
SF:lib\models\gear.dart
DA:14,5
DA:27,2
DA:28,2
DA:29,2
DA:30,2
DA:31,2
DA:32,2
DA:33,2
DA:34,2
DA:35,2
DA:37,2
DA:38,4
DA:39,2
DA:44,0
DA:45,0
DA:46,0
DA:47,0
DA:48,0
DA:49,0
DA:50,0
DA:51,0
DA:52,0
DA:54,0
DA:55,0
DA:56,0
DA:61,5
DA:63,5
DA:64,5
DA:65,5
DA:66,5
DA:70,9
DA:71,7
DA:72,11
DA:73,8
DA:74,7
DA:75,7
DA:81,0
DA:82,0
DA:83,0
DA:84,0
DA:85,0
DA:86,0
DA:87,0
DA:88,0
DA:89,0
DA:90,0
DA:91,0
DA:96,1
DA:107,1
DA:108,1
DA:109,0
DA:110,1
DA:111,1
DA:112,1
DA:113,1
DA:114,1
DA:115,0
DA:116,0
DA:120,0
DA:122,0
DA:125,1
DA:128,1
DA:129,3
DA:130,3
DA:131,3
DA:132,3
DA:133,3
DA:134,3
DA:135,3
DA:136,3
DA:137,3
DA:140,1
DA:142,3
DA:143,3
DA:144,3
DA:145,2
DA:146,2
DA:147,2
DA:148,2
DA:149,3
DA:150,1
LF:81
LH:53
end_of_record
SF:lib\models\activity_log.dart
DA:14,0
DA:25,0
DA:26,0
DA:27,0
DA:28,0
DA:29,0
DA:30,0
DA:31,0
DA:32,0
DA:39,0
DA:40,0
DA:41,0
DA:42,0
DA:43,0
DA:44,0
DA:45,0
DA:46,0
DA:51,0
DA:60,0
DA:61,0
DA:62,0
DA:63,0
DA:64,0
DA:65,0
DA:66,0
DA:67,0
DA:71,0
DA:73,0
DA:76,0
DA:79,0
DA:80,0
DA:81,0
DA:82,0
DA:83,0
DA:84,0
DA:85,0
DA:86,0
DA:89,0
DA:91,0
DA:92,0
DA:93,0
DA:94,0
DA:95,0
DA:96,0
DA:97,0
LF:45
LH:0
end_of_record
SF:lib\models\member.dart
DA:8,4
DA:15,2
DA:16,2
DA:17,2
DA:18,2
DA:19,2
DA:24,0
DA:25,0
DA:26,0
DA:27,0
DA:28,0
DA:33,3
DA:34,3
DA:35,3
DA:36,3
DA:37,3
DA:42,0
DA:43,0
DA:44,0
DA:45,0
DA:46,0
DA:51,1
DA:56,1
DA:57,1
DA:58,0
DA:59,0
DA:63,0
DA:65,0
DA:70,1
DA:73,1
DA:77,1
DA:78,0
DA:79,0
DA:83,3
DA:86,1
DA:89,1
DA:90,2
DA:92,0
DA:93,0
LF:39
LH:21
end_of_record
SF:lib\models\app_config.dart
DA:24,9
DA:33,0
DA:40,0
DA:41,0
DA:42,0
DA:43,0
DA:44,0
DA:45,0
DA:50,0
DA:51,0
DA:52,0
DA:53,0
DA:54,0
DA:55,0
DA:56,0
DA:61,0
DA:62,0
DA:63,0
DA:64,0
DA:65,0
DA:66,0
DA:67,0
DA:74,0
DA:76,0
DA:98,9
DA:107,0
DA:114,0
DA:115,0
DA:116,0
DA:117,0
DA:118,0
DA:119,0
DA:124,0
DA:125,0
DA:126,0
DA:127,0
DA:128,0
DA:129,0
DA:130,0
DA:135,0
DA:136,0
DA:137,0
DA:138,0
DA:139,0
DA:140,0
DA:141,0
DA:145,0
DA:147,0
DA:187,9
DA:202,0
DA:215,0
DA:216,0
DA:217,0
DA:218,0
DA:219,0
DA:220,0
DA:221,0
DA:222,0
DA:223,0
DA:224,0
DA:225,0
DA:226,0
DA:231,0
DA:232,0
DA:233,0
DA:234,0
DA:235,0
DA:236,0
DA:237,0
DA:238,0
DA:239,0
DA:240,0
DA:241,0
DA:242,0
DA:243,0
DA:248,0
DA:249,0
DA:250,0
DA:251,0
DA:252,0
DA:253,0
DA:254,0
DA:255,0
DA:256,0
DA:257,0
DA:258,0
DA:259,0
DA:260,0
DA:262,0
DA:263,0
DA:269,0
DA:270,0
DA:271,0
DA:272,0
DA:273,0
DA:277,0
DA:279,0
DA:295,9
DA:302,0
DA:307,0
DA:308,0
DA:309,0
DA:310,0
DA:315,0
DA:316,0
DA:317,0
DA:318,0
DA:319,0
DA:324,0
DA:325,0
DA:326,0
DA:327,0
DA:328,0
DA:332,0
DA:334,0
DA:353,9
DA:361,0
DA:362,0
DA:363,0
DA:364,0
DA:365,0
DA:366,0
DA:371,0
DA:377,0
DA:378,0
DA:379,0
DA:380,0
DA:381,0
DA:386,0
DA:387,0
DA:388,0
DA:389,0
DA:390,0
DA:391,0
DA:396,0
DA:397,0
DA:398,0
DA:399,0
DA:400,0
DA:401,0
DA:405,0
DA:407,0
DA:462,9
DA:501,0
DA:519,0
DA:520,0
DA:521,0
DA:522,0
DA:523,0
DA:524,0
DA:525,0
DA:526,0
DA:527,0
DA:528,0
DA:529,0
DA:530,0
DA:531,0
DA:532,0
DA:533,0
DA:534,0
DA:535,0
DA:540,0
DA:541,0
DA:542,0
DA:543,0
DA:544,0
DA:545,0
DA:546,0
DA:547,0
DA:548,0
DA:549,0
DA:550,0
DA:551,0
DA:552,0
DA:553,0
DA:554,0
DA:555,0
DA:556,0
DA:557,0
DA:562,0
DA:563,0
DA:564,0
DA:565,0
DA:566,0
DA:567,0
DA:568,0
DA:569,0
DA:570,0
DA:571,0
DA:572,0
DA:573,0
DA:574,0
DA:575,0
DA:576,0
DA:577,0
DA:578,0
DA:579,0
DA:591,0
DA:592,0
DA:606,0
DA:608,0
LF:201
LH:6
end_of_record
SF:lib\models\time_of_day.dart
DA:11,0
DA:17,0
DA:18,0
DA:19,0
DA:20,0
DA:21,0
DA:26,0
DA:28,0
DA:32,0
DA:33,0
DA:34,0
DA:35,0
DA:36,0
DA:40,0
DA:44,0
DA:45,0
DA:46,0
DA:51,0
DA:55,0
DA:56,0
DA:57,0
DA:61,0
DA:63,0
LF:23
LH:0
end_of_record
SF:lib\services\version_service.dart
DA:11,0
DA:15,0
DA:17,0
DA:19,0
DA:21,0
DA:32,0
DA:33,0
DA:34,0
DA:38,0
DA:39,0
DA:40,0
DA:44,0
DA:45,0
DA:46,0
DA:50,0
DA:51,0
DA:52,0
DA:56,0
DA:57,0
DA:58,0
DA:62,0
DA:63,0
DA:64,0
DA:68,0
DA:70,0
LF:25
LH:0
end_of_record
SF:lib\models\booking_v2.dart
DA:17,0
DA:18,0
DA:21,0
DA:22,0
DA:24,0
DA:38,0
DA:39,0
DA:40,0
DA:41,0
DA:42,0
DA:43,0
DA:44,0
DA:45,0
DA:48,0
DA:49,0
DA:50,0
DA:55,0
DA:57,0
DA:58,0
DA:59,0
DA:60,0
DA:61,0
DA:65,0
DA:66,0
DA:67,0
DA:68,0
DA:69,0
DA:70,0
DA:71,0
DA:72,0
DA:73,0
DA:76,0
DA:77,0
DA:82,0
DA:83,0
DA:84,0
DA:85,0
DA:86,0
DA:87,0
DA:92,0
DA:93,0
DA:94,0
DA:95,0
DA:101,0
DA:103,0
DA:104,0
DA:105,0
DA:106,0
DA:110,0
DA:111,0
DA:112,0
DA:113,0
DA:114,0
DA:115,0
DA:116,0
DA:117,0
DA:118,0
DA:119,0
DA:120,0
DA:125,0
DA:137,0
DA:138,0
DA:139,0
DA:140,0
DA:141,0
DA:142,0
DA:143,0
DA:144,0
DA:145,0
DA:146,0
DA:147,0
DA:153,0
DA:155,0
DA:158,0
DA:161,0
DA:162,0
DA:163,0
DA:164,0
DA:165,0
DA:166,0
DA:167,0
DA:168,0
DA:169,0
DA:172,0
DA:174,0
DA:175,0
DA:176,0
DA:177,0
DA:178,0
DA:179,0
DA:180,0
DA:181,0
DA:201,0
LF:93
LH:0
end_of_record
SF:lib\models\data_seeder_config.dart
DA:66,9
DA:81,0
DA:94,0
DA:95,0
DA:96,0
DA:97,0
DA:98,0
DA:99,0
DA:100,0
DA:101,0
DA:102,0
DA:103,0
DA:104,0
DA:105,0
DA:110,0
DA:111,0
DA:112,0
DA:113,0
DA:114,0
DA:115,0
DA:116,0
DA:117,0
DA:118,0
DA:119,0
DA:120,0
DA:121,0
DA:122,0
DA:127,0
DA:128,0
DA:129,0
DA:130,0
DA:131,0
DA:132,0
DA:133,0
DA:134,0
DA:135,0
DA:136,0
DA:137,0
DA:138,0
DA:139,0
DA:144,0
DA:152,0
DA:160,0
DA:168,0
DA:178,0
DA:188,0
DA:198,0
DA:211,0
DA:215,0
DA:216,0
DA:217,0
DA:218,0
DA:219,0
DA:220,0
DA:221,0
DA:222,0
DA:223,0
DA:224,0
DA:225,0
DA:226,0
DA:230,0
DA:232,0
DA:233,0
DA:234,0
DA:235,0
DA:236,0
DA:237,0
DA:238,0
DA:239,0
DA:240,0
DA:241,0
DA:242,0
DA:246,0
DA:248,0
LF:74
LH:1
end_of_record
SF:lib\models\project.dart
DA:11,3
DA:21,0
DA:22,0
DA:23,0
DA:24,0
DA:25,0
DA:26,0
DA:27,0
DA:34,0
DA:35,0
DA:36,0
DA:37,0
DA:38,0
DA:39,0
DA:40,0
DA:41,0
DA:42,0
DA:48,3
DA:49,3
DA:50,3
DA:51,3
DA:52,3
DA:53,3
DA:60,0
DA:61,0
DA:62,0
DA:63,0
DA:64,0
DA:65,0
DA:66,0
DA:67,0
DA:72,0
DA:80,0
DA:81,0
DA:82,0
DA:83,0
DA:84,0
DA:85,0
DA:86,0
DA:90,0
DA:92,0
DA:95,0
DA:98,0
DA:99,0
DA:100,0
DA:101,0
DA:102,0
DA:103,0
DA:104,0
DA:108,0
DA:110,0
DA:111,0
DA:112,0
DA:117,0
DA:119,0
DA:120,0
DA:121,0
DA:122,0
DA:123,0
DA:124,0
LF:60
LH:7
end_of_record
SF:lib\models\status_note.dart
DA:9,0
DA:17,0
DA:18,0
DA:19,0
DA:20,0
DA:21,0
DA:22,0
DA:27,0
DA:28,0
DA:29,0
DA:30,0
DA:31,0
DA:32,0
DA:37,0
DA:43,0
DA:44,0
DA:45,0
DA:46,0
DA:47,0
DA:51,0
DA:53,0
DA:56,0
DA:59,0
DA:60,0
DA:61,0
DA:62,0
DA:63,0
DA:66,0
DA:68,0
DA:69,0
DA:70,0
DA:71,0
LF:32
LH:0
end_of_record
SF:lib\models\settings.dart
DA:8,0
DA:15,0
DA:16,0
DA:17,0
DA:18,0
DA:19,0
DA:24,0
DA:25,0
DA:26,0
DA:27,0
DA:28,0
DA:33,0
DA:34,0
DA:35,0
DA:36,0
DA:40,0
DA:46,0
DA:47,0
DA:48,0
DA:49,0
DA:50,0
DA:55,0
DA:60,0
DA:61,0
DA:62,0
DA:63,0
DA:67,0
DA:69,0
DA:72,0
DA:75,0
DA:76,0
DA:77,0
DA:78,0
DA:81,0
DA:82,0
LF:35
LH:0
end_of_record
SF:lib\models\studio.dart
DA:14,0
DA:16,0
DA:18,0
DA:20,0
DA:38,0
DA:40,0
DA:42,0
DA:44,0
DA:46,0
DA:80,3
DA:92,0
DA:93,0
DA:94,0
DA:95,0
DA:96,0
DA:97,0
DA:98,0
DA:100,0
DA:101,0
DA:102,0
DA:103,0
DA:104,0
DA:105,0
DA:106,0
DA:107,0
DA:109,0
DA:114,3
DA:115,3
DA:116,3
DA:117,6
DA:118,6
DA:122,3
DA:123,3
DA:124,6
DA:125,3
DA:126,3
DA:132,0
DA:142,0
DA:143,0
DA:144,0
DA:145,0
DA:146,0
DA:147,0
DA:148,0
DA:149,0
DA:150,0
DA:154,0
DA:156,0
LF:48
LH:11
end_of_record
SF:lib\models\studio_settings.dart
DA:38,0
DA:49,0
DA:50,0
DA:51,0
DA:52,0
DA:53,0
DA:54,0
DA:55,0
DA:56,0
DA:57,0
DA:60,0
DA:61,0
DA:62,0
DA:63,0
DA:64,0
DA:65,0
DA:66,0
DA:67,0
DA:68,0
DA:69,0
DA:70,0
DA:71,0
DA:76,0
DA:77,0
DA:78,0
DA:79,0
DA:80,0
DA:81,0
DA:82,0
DA:83,0
DA:84,0
DA:85,0
DA:86,0
DA:90,0
DA:96,0
DA:108,0
DA:109,0
DA:110,0
DA:111,0
DA:112,0
DA:113,0
DA:114,0
DA:115,0
DA:116,0
DA:117,0
DA:118,0
DA:123,0
DA:124,0
DA:125,0
DA:126,0
DA:127,0
DA:132,0
DA:133,0
DA:134,0
DA:135,0
DA:139,0
LF:56
LH:0
end_of_record
SF:lib\services\app_config_service.dart
DA:12,6
DA:15,3
DA:19,1
DA:21,3
DA:22,1
DA:24,2
DA:28,0
DA:31,0
DA:34,0
DA:37,0
DA:40,0
DA:42,0
DA:44,0
DA:46,0
DA:51,0
DA:53,0
DA:54,0
DA:55,0
DA:57,0
DA:62,1
DA:64,1
DA:65,0
DA:66,0
DA:67,0
DA:68,0
DA:71,2
DA:72,1
DA:75,0
DA:81,0
DA:83,0
DA:84,0
DA:85,0
DA:86,0
DA:88,0
DA:94,0
DA:96,0
DA:97,0
DA:99,0
DA:105,0
DA:107,0
DA:108,0
DA:109,0
DA:111,0
DA:117,0
DA:119,0
DA:120,0
DA:121,0
DA:123,0
DA:129,0
DA:131,0
DA:132,0
DA:133,0
DA:135,0
DA:141,0
DA:143,0
DA:144,0
DA:145,0
DA:147,0
DA:153,0
DA:155,0
DA:156,0
DA:157,0
DA:159,0
DA:165,0
DA:167,0
DA:170,0
DA:176,0
DA:178,0
DA:179,0
DA:180,0
DA:181,0
DA:183,0
LF:72
LH:10
end_of_record
SF:lib\screens\booking_panel\models\booking_filter.dart
DA:25,0
DA:26,0
DA:29,0
DA:32,0
DA:33,0
DA:36,0
DA:43,11
DA:54,0
DA:88,0
DA:89,0
DA:90,0
DA:91,0
DA:92,0
DA:93,0
DA:94,0
DA:95,0
DA:100,0
DA:101,0
DA:102,0
DA:103,0
DA:104,0
DA:105,0
DA:106,0
DA:110,0
LF:24
LH:1
end_of_record
SF:lib\screens\booking_panel\models\booking_list_view_options.dart
DA:20,2
DA:28,0
DA:34,0
DA:35,0
DA:36,0
DA:37,0
DA:38,0
DA:82,0
DA:90,0
DA:96,0
DA:97,0
DA:98,0
DA:99,0
DA:100,0
DA:105,0
DA:106,0
DA:107,0
DA:108,0
DA:109,0
DA:110,0
DA:111,0
DA:112,0
DA:113,0
DA:114,0
DA:117,0
DA:118,0
DA:119,0
DA:120,0
DA:122,0
DA:123,0
DA:124,0
DA:126,0
DA:127,0
DA:128,0
DA:129,0
DA:130,0
DA:136,0
DA:137,0
DA:138,0
DA:141,0
DA:142,0
DA:143,0
DA:144,0
DA:145,0
DA:150,0
DA:151,0
DA:152,0
DA:158,0
DA:160,0
DA:162,0
DA:167,0
DA:168,0
DA:169,0
DA:170,0
DA:171,0
DA:173,0
DA:174,0
DA:175,0
DA:177,0
DA:179,0
DA:180,0
DA:181,0
DA:182,0
DA:183,0
DA:205,2
DA:213,0
DA:220,0
DA:221,0
DA:222,0
DA:223,0
DA:224,0
DA:229,0
DA:230,0
DA:231,0
DA:232,0
DA:234,0
DA:236,0
DA:240,0
DA:241,0
DA:242,0
DA:243,0
DA:245,0
DA:247,0
DA:251,0
DA:252,0
LF:85
LH:2
end_of_record
SF:lib\services\preferences_service.dart
DA:19,0
DA:21,0
DA:22,0
DA:24,0
DA:26,0
DA:27,0
DA:29,0
DA:31,0
DA:32,0
DA:37,0
DA:39,0
DA:40,0
DA:41,0
DA:43,0
DA:49,0
DA:51,0
DA:52,0
DA:54,0
DA:58,0
DA:59,0
DA:60,0
DA:61,0
DA:62,0
DA:67,0
DA:68,0
DA:69,0
DA:75,0
DA:77,0
DA:79,0
DA:84,0
DA:85,0
DA:87,0
DA:88,0
DA:89,0
DA:91,0
DA:96,0
DA:102,0
DA:104,0
DA:105,0
DA:106,0
DA:107,0
DA:108,0
DA:109,0
DA:110,0
DA:113,0
DA:114,0
DA:115,0
DA:116,0
DA:118,0
DA:119,0
DA:120,0
DA:122,0
DA:124,0
DA:130,0
DA:132,0
DA:133,0
DA:135,0
DA:136,0
DA:137,0
DA:138,0
DA:139,0
DA:140,0
DA:145,0
DA:151,0
DA:153,0
DA:154,0
DA:155,0
DA:156,0
DA:157,0
DA:158,0
DA:160,0
DA:162,0
DA:168,0
DA:170,0
DA:171,0
DA:173,0
DA:179,0
DA:181,0
DA:182,0
DA:184,0
DA:188,0
DA:194,0
DA:196,0
DA:197,0
DA:198,0
DA:200,0
DA:206,1
DA:208,1
DA:209,0
DA:211,2
DA:217,0
DA:219,0
DA:220,0
DA:222,0
LF:94
LH:3
end_of_record
SF:lib\services\database\database_integrity_checker.dart
DA:16,3
DA:18,3
DA:21,3
DA:22,3
DA:23,3
DA:27,3
DA:28,3
DA:29,3
DA:33,3
DA:34,3
DA:35,3
DA:40,0
DA:41,0
DA:42,0
DA:54,3
DA:56,3
DA:59,3
DA:61,3
DA:64,3
DA:66,3
DA:69,3
DA:73,3
DA:76,3
DA:78,3
DA:81,3
DA:86,3
DA:89,3
DA:91,3
DA:94,3
DA:96,3
DA:99,3
DA:104,3
DA:107,3
DA:111,3
DA:114,3
DA:116,3
DA:119,3
DA:125,6
DA:126,3
DA:127,3
DA:128,6
DA:129,6
DA:130,3
DA:135,3
DA:145,3
DA:147,3
DA:149,3
DA:150,3
DA:151,9
DA:157,0
DA:158,0
DA:159,0
DA:171,3
DA:173,3
DA:176,3
DA:178,3
DA:189,3
DA:200,3
DA:211,3
DA:222,3
DA:233,3
DA:244,3
DA:256,6
DA:257,3
DA:258,3
DA:259,3
DA:261,3
DA:263,3
DA:264,3
DA:265,6
DA:267,6
DA:268,9
DA:274,0
DA:275,0
DA:276,0
DA:288,3
DA:290,3
DA:293,3
DA:295,3
DA:305,3
DA:315,3
DA:330,3
DA:354,3
DA:371,6
DA:372,3
DA:373,3
DA:374,3
DA:376,3
DA:378,3
DA:379,3
DA:380,6
DA:382,6
DA:383,9
DA:389,0
DA:390,0
DA:391,0
DA:403,2
DA:408,2
DA:411,4
DA:413,2
DA:414,2
DA:415,2
DA:416,2
DA:417,2
DA:422,2
DA:423,2
DA:424,2
DA:425,2
DA:426,2
DA:431,2
DA:432,2
DA:433,2
DA:434,2
DA:435,2
DA:442,0
DA:443,0
DA:444,0
DA:456,2
DA:460,2
DA:463,4
DA:464,2
DA:465,2
DA:468,4
DA:470,2
DA:471,2
DA:474,2
DA:476,2
DA:477,2
DA:480,4
DA:482,2
DA:483,4
DA:485,4
DA:497,2
DA:501,2
DA:504,4
DA:505,2
DA:506,2
DA:509,4
DA:511,2
DA:512,2
DA:515,2
DA:517,2
DA:518,2
DA:521,4
DA:523,2
DA:524,4
DA:526,4
DA:538,2
DA:542,2
DA:545,4
DA:546,2
DA:547,2
DA:550,4
DA:551,2
DA:552,2
DA:557,2
DA:559,4
DA:560,4
DA:561,4
DA:563,2
DA:565,0
DA:567,0
DA:568,0
DA:569,0
DA:571,0
DA:572,0
DA:575,0
DA:577,0
DA:578,0
DA:580,0
DA:585,8
DA:586,2
DA:588,2
DA:589,2
DA:590,2
DA:593,4
DA:595,2
DA:596,4
DA:598,4
DA:602,0
DA:604,0
DA:605,0
DA:608,0
DA:613,0
DA:615,0
DA:617,0
DA:618,0
DA:619,0
DA:622,0
DA:624,0
DA:625,0
DA:627,0
DA:632,0
DA:633,0
DA:636,0
DA:641,0
DA:642,0
DA:644,0
DA:647,0
DA:652,0
DA:654,0
DA:656,0
DA:660,0
DA:665,0
DA:667,0
DA:668,0
DA:670,0
DA:685,2
DA:687,2
DA:688,2
DA:690,2
LF:211
LH:158
end_of_record
SF:lib\services\schema_definitions.dart
DA:7,10
DA:22,0
DA:23,0
DA:34,0
DA:35,0
DA:36,0
DA:37,0
DA:49,0
DA:50,0
DA:51,0
DA:59,0
DA:60,0
DA:70,0
DA:85,5
DA:87,5
DA:88,5
DA:103,5
DA:104,5
DA:113,5
DA:114,5
DA:124,5
DA:125,5
DA:136,5
DA:137,5
DA:154,5
DA:155,5
DA:168,5
DA:169,5
DA:180,5
DA:181,5
DA:195,5
DA:196,5
DA:205,5
DA:206,5
DA:220,5
DA:221,5
DA:238,0
DA:243,0
DA:244,0
DA:246,0
DA:247,0
DA:249,0
DA:250,0
DA:251,0
DA:252,0
DA:253,0
DA:255,0
DA:259,0
DA:261,0
DA:265,0
DA:267,0
DA:268,0
DA:272,0
DA:273,0
DA:277,0
DA:279,0
DA:280,0
DA:281,0
DA:283,0
DA:284,0
DA:286,0
DA:287,0
DA:289,0
DA:293,0
DA:294,0
DA:296,0
DA:300,0
DA:301,0
DA:302,0
DA:306,0
DA:307,0
DA:309,0
DA:310,0
DA:312,0
DA:316,0
DA:317,0
DA:321,0
DA:322,0
DA:324,0
DA:325,0
DA:326,0
DA:328,0
DA:330,0
DA:334,0
DA:335,0
DA:337,0
DA:338,0
DA:339,0
DA:340,0
DA:341,0
DA:343,0
DA:344,0
DA:348,0
DA:349,0
DA:350,0
DA:351,0
DA:352,0
DA:353,0
DA:354,0
DA:355,0
DA:356,0
LF:101
LH:24
end_of_record
SF:lib\services\database\migration_manager.dart
DA:10,3
DA:12,1
DA:16,0
DA:17,0
DA:20,0
DA:23,0
DA:24,0
DA:25,0
DA:27,0
DA:28,0
DA:32,0
DA:35,0
DA:36,0
DA:39,0
DA:41,0
DA:43,0
DA:44,0
DA:47,0
DA:52,0
DA:56,1
DA:57,2
DA:58,7
LF:22
LH:5
end_of_record
SF:lib\services\database\migrations\migrations.dart
DA:11,3
DA:12,1
DA:13,1
DA:14,1
DA:15,1
DA:16,1
DA:17,1
DA:18,1
LF:8
LH:8
end_of_record
SF:lib\services\database\migrations\migration_v1_to_v2.dart
DA:8,0
DA:11,1
DA:14,0
DA:17,0
DA:19,0
DA:23,0
DA:26,0
DA:27,0
DA:28,0
DA:31,0
DA:32,0
DA:34,0
DA:35,0
DA:36,0
DA:37,0
DA:40,0
DA:43,0
LF:17
LH:1
end_of_record
SF:lib\services\database\migrations\migration_v2_to_v3.dart
DA:8,0
DA:11,1
DA:14,0
DA:17,0
DA:19,0
DA:22,0
DA:25,0
DA:34,0
DA:37,0
DA:38,0
DA:40,0
DA:41,0
DA:43,0
DA:44,0
DA:47,0
DA:50,0
LF:16
LH:1
end_of_record
SF:lib\services\database\migrations\migration_v3_to_v4.dart
DA:8,0
DA:11,1
DA:14,0
DA:17,0
DA:19,0
DA:22,0
DA:25,0
DA:28,0
DA:29,0
DA:31,0
DA:32,0
DA:35,0
DA:38,0
LF:13
LH:1
end_of_record
SF:lib\services\database\migrations\migration_v4_to_v5.dart
DA:9,0
DA:12,1
DA:15,0
DA:18,0
DA:20,0
DA:23,0
DA:26,0
DA:27,0
DA:30,0
DA:31,0
DA:32,0
DA:45,0
DA:49,0
DA:50,0
DA:51,0
DA:66,0
DA:70,0
DA:71,0
DA:74,0
DA:75,0
DA:76,0
DA:78,0
DA:82,0
DA:83,0
DA:84,0
DA:86,0
DA:90,0
DA:93,0
DA:94,0
DA:95,0
DA:96,0
DA:97,0
DA:98,0
DA:99,0
DA:100,0
DA:101,0
DA:102,0
DA:103,0
DA:104,0
DA:105,0
DA:108,0
DA:112,0
DA:116,0
DA:117,0
DA:118,0
DA:120,0
DA:127,0
DA:128,0
DA:135,0
DA:140,0
DA:141,0
DA:148,0
DA:152,0
DA:153,0
DA:155,0
DA:156,0
DA:158,0
DA:159,0
DA:160,0
DA:161,0
DA:162,0
DA:165,0
DA:168,0
LF:63
LH:1
end_of_record
SF:lib\services\database\migrations\migration_v5_to_v6.dart
DA:8,0
DA:11,1
DA:14,0
DA:17,0
DA:19,0
DA:22,0
DA:25,0
DA:31,0
DA:32,0
DA:33,0
DA:34,0
DA:35,0
DA:36,0
DA:42,0
DA:48,0
DA:52,0
DA:58,0
DA:62,0
DA:68,0
DA:69,0
DA:70,0
DA:72,0
DA:80,0
DA:81,0
DA:82,0
DA:83,0
DA:89,0
DA:95,0
DA:101,0
DA:102,0
DA:103,0
DA:104,0
DA:107,0
DA:109,0
DA:111,0
DA:116,0
DA:118,0
DA:120,0
DA:122,0
DA:126,0
DA:127,0
DA:130,0
LF:42
LH:1
end_of_record
SF:lib\services\database\migrations\migration_v6_to_v7.dart
DA:9,0
DA:12,1
DA:15,0
DA:18,0
DA:20,0
DA:25,0
DA:27,0
DA:28,0
DA:29,0
DA:30,0
DA:34,0
DA:37,0
DA:40,0
DA:41,0
DA:42,0
DA:43,0
DA:46,0
DA:49,0
LF:18
LH:1
end_of_record
SF:lib\services\database_validator.dart
DA:9,0
DA:11,0
DA:12,0
DA:13,0
DA:18,0
DA:24,0
DA:26,0
DA:27,0
DA:29,0
DA:31,0
DA:33,0
DA:34,0
DA:36,0
DA:41,0
DA:42,0
DA:47,0
DA:49,0
DA:50,0
DA:51,0
DA:54,0
DA:56,0
DA:62,0
DA:64,0
DA:67,0
DA:68,0
DA:69,0
DA:73,0
DA:74,0
DA:77,0
DA:80,0
DA:82,0
DA:87,0
DA:91,0
DA:92,0
DA:94,0
DA:96,0
DA:97,0
DA:103,0
DA:104,0
DA:109,0
DA:111,0
DA:112,0
DA:114,0
DA:115,0
DA:116,0
DA:118,0
DA:122,0
DA:124,0
DA:130,0
DA:132,0
DA:133,0
DA:136,0
DA:139,0
DA:142,0
DA:144,0
LF:55
LH:0
end_of_record
SF:lib\services\database\migrations\migration_v7_to_v8.dart
DA:9,0
DA:12,1
DA:15,0
DA:18,0
DA:20,0
DA:23,0
DA:26,0
DA:27,0
DA:30,0
DA:31,0
DA:32,0
DA:35,0
DA:37,0
DA:38,0
DA:43,0
DA:46,0
DA:47,0
DA:50,0
DA:53,0
DA:54,0
DA:55,0
DA:56,0
DA:60,0
DA:61,0
DA:63,0
DA:68,0
DA:69,0
DA:71,0
DA:72,0
DA:73,0
DA:77,0
DA:78,0
DA:80,0
DA:84,0
DA:87,0
DA:90,0
DA:95,0
DA:98,0
LF:38
LH:1
end_of_record
SF:lib\services\db_service.dart
DA:18,4
DA:20,2
DA:23,0
DA:30,2
DA:35,0
DA:38,0
DA:41,0
DA:45,0
DA:50,0
DA:53,0
DA:55,0
DA:60,0
DA:67,2
DA:68,6
DA:71,1
DA:72,2
DA:74,1
DA:83,0
DA:85,0
DA:86,0
DA:89,0
DA:91,0
DA:95,0
DA:96,0
DA:97,0
DA:99,0
DA:102,0
DA:109,0
DA:110,0
DA:114,0
DA:117,0
DA:119,0
DA:121,0
DA:127,0
DA:129,0
DA:130,0
DA:132,0
DA:134,0
DA:137,0
DA:138,0
DA:139,0
DA:144,0
DA:150,0
DA:153,0
DA:154,0
DA:155,0
DA:156,0
DA:166,0
DA:169,0
DA:173,0
DA:175,0
DA:178,0
DA:180,0
DA:186,0
DA:187,0
DA:191,0
DA:192,0
DA:193,0
DA:197,0
DA:199,0
DA:201,0
DA:209,1
DA:210,1
DA:213,1
DA:214,1
DA:215,1
DA:216,1
DA:220,3
DA:221,3
DA:222,1
DA:223,1
DA:224,1
DA:226,2
DA:228,1
DA:237,3
DA:238,3
DA:239,1
DA:244,5
DA:248,1
DA:249,1
DA:250,1
DA:254,1
DA:257,1
DA:258,2
DA:264,1
DA:265,1
DA:266,1
DA:269,1
DA:271,2
DA:277,1
DA:278,1
DA:279,1
DA:283,1
DA:291,1
DA:292,1
DA:294,1
DA:295,1
DA:299,3
DA:300,1
DA:302,1
DA:311,3
DA:312,3
DA:313,1
DA:314,5
DA:318,1
DA:319,1
DA:320,1
DA:323,1
DA:325,1
DA:326,2
DA:332,1
DA:333,1
DA:335,1
DA:336,1
DA:340,3
DA:342,1
DA:346,2
DA:351,1
DA:352,1
DA:353,1
DA:356,1
DA:363,0
DA:364,0
DA:367,0
DA:369,0
DA:371,0
DA:372,0
DA:376,0
DA:377,0
DA:378,0
DA:381,0
DA:384,0
DA:385,0
DA:399,2
DA:400,2
DA:403,0
DA:406,0
DA:408,0
DA:409,0
DA:412,0
DA:414,0
DA:416,0
DA:419,0
DA:422,0
DA:423,0
DA:431,0
DA:432,0
DA:435,0
DA:438,0
DA:441,0
DA:446,0
DA:448,0
DA:450,0
DA:453,0
DA:456,0
DA:460,0
DA:461,0
DA:464,0
DA:466,0
DA:467,0
DA:471,0
DA:472,0
DA:475,0
DA:479,0
DA:483,0
DA:486,0
DA:490,0
DA:491,0
DA:492,0
DA:497,0
DA:502,0
DA:503,0
DA:504,0
DA:507,0
DA:514,0
DA:515,0
DA:518,0
DA:520,0
DA:523,0
DA:524,0
DA:526,0
DA:538,2
DA:539,2
DA:542,0
DA:545,0
DA:547,0
DA:548,0
DA:551,0
DA:554,0
DA:557,0
DA:559,0
DA:560,0
DA:561,0
DA:562,0
DA:565,0
DA:570,0
DA:571,0
DA:582,0
DA:583,0
DA:586,0
DA:589,0
DA:592,0
DA:597,0
DA:600,0
DA:603,0
DA:605,0
DA:606,0
DA:607,0
DA:608,0
DA:611,0
DA:616,0
DA:623,0
DA:624,0
DA:627,0
DA:629,0
DA:631,0
DA:633,0
DA:637,0
DA:640,0
DA:644,0
DA:645,0
DA:647,0
DA:648,0
DA:654,0
DA:659,0
DA:660,0
DA:661,0
DA:664,0
DA:669,0
DA:670,0
DA:673,0
DA:676,0
DA:680,0
DA:682,0
DA:683,0
DA:686,0
DA:689,0
DA:692,0
DA:694,0
DA:695,0
DA:696,0
DA:697,0
DA:700,0
DA:705,0
DA:706,0
DA:719,0
DA:720,0
DA:721,0
DA:725,0
DA:726,0
DA:729,0
DA:731,0
DA:734,0
DA:737,0
DA:742,0
DA:744,0
DA:746,0
DA:750,0
DA:753,0
DA:756,0
DA:763,0
DA:764,0
DA:765,0
DA:768,0
DA:771,0
DA:777,0
DA:778,0
DA:779,0
DA:783,2
DA:784,2
DA:785,0
DA:790,0
DA:797,2
DA:798,2
DA:799,0
DA:800,0
DA:805,2
DA:806,2
DA:807,0
DA:808,0
DA:809,0
DA:811,0
DA:813,0
DA:815,0
DA:820,2
DA:821,2
DA:822,0
DA:823,0
DA:826,0
DA:828,0
DA:831,0
DA:836,0
DA:837,0
DA:840,0
DA:842,0
DA:843,0
DA:848,2
DA:849,2
DA:850,0
DA:851,0
DA:852,0
DA:855,0
DA:857,0
DA:860,0
DA:865,0
DA:866,0
DA:870,0
DA:871,0
DA:872,0
DA:875,0
DA:880,0
DA:882,0
DA:883,0
DA:886,0
DA:887,0
DA:890,0
DA:893,0
DA:894,0
DA:895,0
DA:897,0
DA:900,0
DA:908,0
DA:909,0
DA:910,0
DA:913,0
DA:916,0
DA:922,0
DA:923,0
DA:926,0
DA:928,0
DA:931,0
DA:934,0
DA:938,0
DA:941,0
DA:946,0
DA:948,0
DA:950,0
DA:954,0
DA:958,0
DA:962,0
DA:969,0
DA:970,0
DA:973,0
DA:975,0
DA:978,0
DA:981,0
DA:985,0
DA:988,0
DA:993,0
DA:995,0
DA:997,0
DA:1001,0
DA:1005,0
DA:1009,0
DA:1012,0
DA:1013,0
DA:1016,0
DA:1019,0
DA:1029,0
DA:1030,0
DA:1031,0
DA:1034,0
DA:1036,0
DA:1037,0
DA:1043,0
DA:1044,0
DA:1045,0
DA:1046,0
DA:1050,0
DA:1051,0
DA:1052,0
DA:1054,0
DA:1056,0
DA:1058,0
DA:1061,0
DA:1066,0
DA:1067,0
DA:1068,0
DA:1071,0
DA:1078,0
DA:1079,0
DA:1082,0
DA:1085,0
DA:1089,0
DA:1091,0
DA:1092,0
DA:1095,0
DA:1098,0
DA:1101,0
DA:1103,0
DA:1104,0
DA:1105,0
DA:1106,0
DA:1109,0
DA:1114,0
DA:1115,0
DA:1128,0
DA:1129,0
DA:1130,0
DA:1138,0
DA:1139,0
DA:1144,0
DA:1145,0
DA:1146,0
DA:1148,0
DA:1154,0
DA:1155,0
DA:1159,2
DA:1160,2
DA:1161,0
DA:1162,0
DA:1166,0
DA:1167,0
DA:1168,0
DA:1171,0
DA:1173,0
DA:1174,0
DA:1180,0
DA:1181,0
DA:1182,0
DA:1184,0
DA:1186,0
DA:1191,0
DA:1192,0
DA:1193,0
DA:1196,0
DA:1203,0
DA:1204,0
DA:1205,0
DA:1206,0
DA:1207,0
DA:1213,0
DA:1214,0
DA:1215,0
DA:1216,0
DA:1218,0
DA:1220,0
DA:1224,0
DA:1229,0
DA:1230,0
DA:1231,0
DA:1233,0
DA:1234,0
DA:1235,0
DA:1236,0
DA:1237,0
DA:1239,0
DA:1240,0
DA:1241,0
DA:1242,0
DA:1243,0
DA:1244,0
DA:1246,0
LF:453
LH:84
end_of_record
SF:lib\models\booking.dart
DA:17,3
DA:33,0
DA:34,0
DA:35,0
DA:36,0
DA:37,0
DA:38,0
DA:39,0
DA:40,0
DA:41,0
DA:42,0
DA:43,0
DA:46,0
DA:47,0
DA:52,0
DA:54,0
DA:55,0
DA:56,0
DA:57,0
DA:58,0
DA:62,0
DA:63,0
DA:64,0
DA:65,0
DA:66,0
DA:67,0
DA:68,0
DA:69,0
DA:70,0
DA:71,0
DA:72,0
DA:73,0
DA:76,0
DA:81,3
DA:82,3
DA:83,6
DA:84,3
DA:85,9
DA:86,9
DA:87,6
DA:88,6
DA:93,3
DA:94,9
DA:95,9
DA:96,3
DA:102,0
DA:104,0
DA:105,0
DA:106,0
DA:107,0
DA:111,0
DA:112,0
DA:113,0
DA:114,0
DA:115,0
DA:116,0
DA:117,0
DA:118,0
DA:119,0
DA:120,0
DA:121,0
DA:122,0
DA:123,0
DA:128,0
DA:142,0
DA:143,0
DA:144,0
DA:145,0
DA:146,0
DA:147,0
DA:148,0
DA:149,0
DA:150,0
DA:151,0
DA:152,0
DA:153,0
DA:154,0
DA:158,0
DA:160,0
DA:163,0
DA:166,0
DA:167,0
DA:168,0
DA:169,0
DA:170,0
DA:171,0
DA:172,0
DA:173,0
DA:174,0
DA:175,0
DA:176,0
DA:179,0
DA:181,0
DA:182,0
DA:183,0
DA:184,0
DA:185,0
DA:186,0
DA:187,0
DA:188,0
DA:189,0
DA:190,0
LF:102
LH:13
end_of_record
SF:lib\services\database\database_integrity_service.dart
DA:13,3
DA:16,2
DA:19,1
DA:34,2
DA:37,0
DA:40,0
DA:49,1
DA:54,1
DA:55,0
DA:59,3
DA:62,2
DA:63,1
DA:64,0
DA:67,1
DA:68,2
DA:72,0
DA:79,1
DA:80,1
DA:81,2
DA:82,1
DA:85,1
DA:86,1
DA:93,1
DA:96,1
DA:103,1
DA:107,1
DA:110,1
DA:113,1
DA:114,2
DA:117,1
DA:120,2
DA:121,1
DA:124,1
DA:125,1
DA:127,1
DA:130,1
DA:131,1
DA:132,2
DA:133,5
DA:137,1
DA:138,1
DA:139,2
DA:140,5
DA:144,1
DA:145,1
DA:146,2
DA:147,5
DA:152,1
DA:153,1
DA:154,1
DA:157,1
DA:158,0
DA:160,1
DA:161,2
DA:162,2
DA:163,0
DA:164,2
DA:165,5
DA:171,1
DA:177,0
DA:178,0
LF:61
LH:52
end_of_record
SF:lib\services\error_service.dart
DA:15,2
DA:17,2
DA:19,2
DA:21,2
DA:23,2
DA:25,2
DA:27,2
DA:29,2
DA:31,2
DA:33,2
DA:35,2
DA:37,2
DA:39,2
DA:41,2
DA:47,2
DA:49,3
DA:52,2
DA:55,2
DA:71,0
DA:79,0
DA:82,0
DA:85,0
DA:89,0
DA:92,0
DA:93,0
DA:95,0
DA:96,0
DA:98,0
DA:100,0
DA:102,0
DA:104,0
DA:112,1
DA:113,1
DA:114,0
DA:115,1
DA:117,1
DA:119,1
DA:121,0
DA:123,0
DA:124,0
DA:126,0
DA:128,0
DA:130,0
DA:132,0
DA:134,0
DA:136,0
DA:138,0
DA:140,0
DA:149,1
DA:150,1
DA:158,0
DA:164,0
DA:173,0
DA:179,0
DA:188,1
DA:189,1
DA:193,0
DA:194,0
DA:198,0
DA:199,0
DA:203,0
DA:204,0
DA:218,0
DA:224,0
DA:225,0
DA:227,0
DA:231,0
DA:235,0
DA:238,0
DA:239,0
DA:241,0
DA:242,0
DA:244,0
DA:246,0
DA:248,0
DA:250,0
LF:76
LH:27
end_of_record
SF:lib\services\error_dialog_service.dart
DA:24,1
DA:30,1
DA:33,1
DA:34,1
DA:35,1
DA:37,2
DA:41,1
DA:42,1
DA:45,1
DA:52,1
DA:54,2
DA:61,1
DA:62,1
DA:66,2
DA:67,1
DA:68,1
DA:69,3
DA:70,1
DA:72,1
DA:84,0
DA:90,0
DA:93,0
DA:94,0
DA:95,0
DA:97,0
DA:101,0
DA:102,0
DA:105,0
DA:112,0
DA:114,0
DA:121,0
DA:122,0
DA:126,0
DA:127,0
DA:128,0
DA:129,0
DA:130,0
DA:132,0
LF:38
LH:19
end_of_record
SF:lib\theme\blkwds_colors.dart
DA:7,0
DA:9,0
DA:10,0
DA:12,0
DA:14,0
DA:15,0
DA:16,0
DA:21,0
DA:22,0
DA:23,0
DA:24,0
DA:25,0
DA:26,0
DA:27,0
DA:28,0
DA:33,0
DA:34,0
DA:35,0
DA:36,0
DA:37,0
DA:38,0
DA:39,0
DA:40,0
LF:23
LH:0
end_of_record
SF:lib\theme\blkwds_typography.dart
DA:24,0
DA:33,0
DA:42,0
DA:52,0
DA:61,1
DA:70,0
DA:80,2
DA:89,1
DA:98,0
DA:108,0
DA:117,2
DA:126,1
DA:136,2
DA:145,1
DA:154,1
DA:164,0
DA:174,0
DA:184,0
DA:195,0
DA:196,0
DA:197,0
DA:198,0
DA:199,0
DA:200,0
DA:201,0
DA:202,0
DA:203,0
DA:204,0
DA:205,0
DA:206,0
DA:207,0
DA:208,0
DA:209,0
DA:210,0
DA:214,2
DA:215,1
DA:219,1
DA:222,1
DA:226,1
DA:229,1
DA:233,1
DA:236,1
DA:240,1
DA:243,1
DA:247,1
DA:250,1
DA:254,1
DA:257,1
DA:264,1
DA:271,1
DA:278,1
DA:285,1
DA:292,1
DA:299,1
DA:306,1
DA:313,1
LF:56
LH:30
end_of_record
SF:lib\widgets\blkwds_button.dart
DA:34,2
DA:47,1
DA:54,1
DA:55,1
DA:60,0
DA:65,0
DA:73,1
DA:74,0
DA:75,0
DA:77,0
DA:82,3
DA:83,2
DA:89,0
DA:90,0
DA:92,0
DA:93,0
DA:102,1
DA:104,0
DA:105,0
DA:108,0
DA:109,0
DA:112,0
DA:114,0
DA:117,0
DA:118,0
DA:119,0
DA:122,0
DA:124,0
DA:125,0
DA:134,1
DA:135,1
DA:138,1
DA:139,1
DA:140,0
DA:141,0
DA:145,0
DA:147,1
DA:148,1
DA:149,1
DA:151,0
DA:153,0
DA:154,2
DA:164,1
DA:166,1
DA:167,1
DA:169,1
DA:171,0
DA:174,1
DA:175,3
DA:176,1
DA:177,1
DA:178,1
DA:179,1
LF:53
LH:26
end_of_record
SF:lib\services\snackbar_service.dart
DA:45,2
DA:46,2
DA:56,0
DA:57,0
DA:67,0
DA:68,0
DA:78,0
DA:79,0
DA:90,0
DA:91,0
DA:96,0
DA:97,0
DA:102,0
DA:103,0
DA:108,0
DA:109,0
DA:114,2
DA:126,2
DA:130,2
DA:134,2
DA:138,2
DA:145,4
DA:148,4
DA:149,2
DA:150,2
DA:151,2
DA:152,2
DA:154,2
DA:155,2
DA:157,4
DA:168,2
DA:169,2
DA:171,2
DA:174,0
DA:175,0
LF:35
LH:19
end_of_record
SF:lib\services\exceptions\conflict_exception.dart
DA:21,0
DA:27,0
LF:2
LH:0
end_of_record
SF:lib\services\exceptions\database_exception.dart
DA:13,0
DA:17,0
LF:2
LH:0
end_of_record
SF:lib\services\exceptions\validation_exception.dart
DA:17,0
DA:22,0
LF:2
LH:0
end_of_record
SF:lib\services\exceptions\not_found_exception.dart
DA:21,0
DA:27,0
LF:2
LH:0
end_of_record
SF:lib\services\exceptions\file_system_exception.dart
DA:17,0
DA:22,0
LF:2
LH:0
end_of_record
SF:lib\services\exceptions\permission_exception.dart
DA:17,0
DA:22,0
LF:2
LH:0
end_of_record
SF:lib\screens\dashboard\dashboard_screen.dart
DA:19,4
DA:21,2
DA:22,2
DA:35,2
DA:37,2
DA:40,2
DA:43,2
DA:46,8
DA:50,2
DA:51,4
DA:54,6
DA:55,6
DA:60,2
DA:62,4
DA:63,1
DA:67,1
DA:68,4
DA:69,0
DA:70,0
DA:75,2
DA:78,8
DA:79,4
DA:80,2
DA:84,0
DA:85,0
DA:86,0
DA:91,0
DA:93,0
DA:98,0
DA:99,0
DA:100,0
DA:105,0
DA:107,0
DA:110,0
DA:111,0
DA:112,0
DA:117,0
DA:118,0
DA:119,0
DA:120,0
DA:126,2
DA:128,2
DA:130,2
DA:132,2
DA:134,2
DA:135,0
DA:144,2
DA:147,0
DA:149,0
DA:150,0
DA:155,0
DA:158,0
DA:159,0
DA:163,0
DA:164,0
DA:168,0
DA:169,0
DA:170,0
DA:176,2
DA:179,0
DA:180,0
DA:183,2
DA:186,0
DA:187,0
DA:192,2
DA:193,4
DA:194,2
DA:201,0
DA:202,0
DA:203,0
DA:205,0
DA:206,0
DA:208,0
DA:211,0
DA:213,0
DA:216,0
DA:218,0
DA:222,0
DA:224,0
DA:232,0
DA:240,0
DA:241,0
DA:242,0
DA:244,0
DA:245,0
DA:247,0
DA:249,0
DA:250,0
DA:251,0
DA:252,0
DA:254,0
DA:255,0
DA:257,0
DA:259,0
DA:262,0
DA:265,0
DA:266,0
DA:268,0
DA:269,0
DA:271,0
DA:272,0
DA:273,0
DA:275,0
DA:277,0
DA:278,0
DA:279,0
DA:280,0
DA:290,0
DA:292,0
DA:293,0
DA:295,0
DA:297,0
DA:299,0
DA:300,0
DA:301,0
DA:303,0
DA:305,0
DA:308,0
DA:309,0
DA:311,0
DA:312,0
DA:314,0
DA:315,0
DA:317,0
DA:318,0
DA:320,0
DA:321,0
DA:329,0
DA:331,0
DA:333,0
DA:334,0
DA:335,0
DA:336,0
DA:337,0
DA:339,0
DA:346,0
DA:347,0
DA:349,0
DA:351,0
DA:352,0
DA:353,0
DA:355,0
DA:357,0
DA:360,0
DA:361,0
DA:363,0
DA:364,0
DA:366,0
DA:367,0
DA:369,0
DA:370,0
DA:372,0
DA:373,0
DA:381,0
DA:383,0
DA:384,0
DA:385,0
DA:386,0
DA:387,0
DA:389,0
DA:398,0
DA:402,0
DA:404,0
DA:405,0
DA:413,0
DA:418,0
DA:420,0
LF:167
LH:32
end_of_record
SF:lib\screens\dashboard\dashboard_controller.dart
DA:36,2
DA:37,2
DA:41,2
DA:42,4
DA:43,4
DA:47,4
DA:48,2
DA:49,2
DA:50,2
DA:51,2
DA:52,2
DA:53,2
DA:54,2
DA:57,3
DA:60,1
DA:61,1
DA:62,1
DA:69,0
DA:72,2
DA:77,2
DA:80,2
DA:81,4
DA:88,0
DA:91,1
DA:94,1
DA:95,1
DA:96,1
DA:109,2
DA:112,2
DA:113,4
DA:120,0
DA:123,1
DA:126,1
DA:127,1
DA:128,1
DA:141,2
DA:144,2
DA:145,4
DA:152,0
DA:155,1
DA:158,1
DA:159,1
DA:160,1
DA:173,2
DA:176,2
DA:177,4
DA:184,0
DA:187,1
DA:190,1
DA:191,1
DA:192,1
DA:205,2
DA:208,2
DA:209,4
DA:216,0
DA:219,1
DA:222,1
DA:223,1
DA:224,1
DA:234,3
DA:239,2
DA:242,2
DA:243,4
DA:250,0
DA:253,1
DA:256,1
DA:257,1
DA:258,1
DA:271,2
DA:274,4
DA:275,2
DA:276,4
DA:282,2
DA:283,4
DA:289,2
DA:290,4
DA:296,2
DA:297,4
DA:306,0
DA:307,0
DA:308,0
DA:309,0
DA:312,1
DA:315,1
DA:316,1
DA:317,1
DA:327,2
DA:328,2
DA:329,2
DA:330,2
DA:335,0
DA:336,0
DA:337,0
DA:340,0
DA:341,0
DA:342,0
DA:352,0
DA:353,0
DA:356,0
DA:357,0
DA:358,0
DA:368,0
DA:369,0
DA:373,0
DA:374,0
DA:383,0
DA:384,0
DA:385,0
DA:389,0
DA:390,0
DA:395,0
DA:398,0
DA:399,0
DA:400,0
DA:410,0
DA:411,0
DA:414,0
DA:415,0
DA:416,0
DA:423,0
DA:428,0
DA:433,0
DA:434,0
DA:435,0
DA:438,0
DA:439,0
DA:440,0
DA:450,0
DA:451,0
DA:455,0
DA:456,0
DA:465,0
DA:466,0
DA:467,0
DA:471,0
DA:472,0
DA:477,0
DA:480,0
DA:481,0
DA:482,0
DA:492,0
DA:493,0
DA:496,0
DA:497,0
DA:498,0
DA:505,0
DA:510,0
DA:515,0
DA:516,0
DA:517,0
DA:520,0
DA:521,0
DA:522,0
DA:523,0
DA:524,0
DA:528,0
DA:529,0
DA:530,0
DA:532,0
DA:533,0
DA:534,0
DA:535,0
DA:536,0
DA:538,0
DA:539,0
DA:543,0
DA:545,0
DA:554,0
DA:556,0
DA:558,0
DA:561,0
DA:562,0
DA:563,0
DA:574,0
DA:577,0
DA:578,0
DA:581,0
DA:582,0
DA:583,0
DA:584,0
DA:588,0
DA:589,0
DA:592,0
DA:595,0
DA:596,0
DA:597,0
DA:604,0
DA:607,0
DA:612,2
DA:613,4
DA:614,4
DA:615,4
DA:616,4
DA:617,4
DA:618,4
DA:619,4
DA:620,4
DA:621,4
DA:622,4
DA:623,4
DA:624,4
LF:201
LH:92
end_of_record
SF:lib\examples\error_analytics_example.dart
DA:11,2
DA:13,0
DA:14,0
DA:23,0
DA:25,0
DA:26,0
DA:30,0
DA:32,0
DA:35,0
DA:36,0
DA:37,0
DA:38,0
DA:42,0
DA:44,0
DA:45,0
DA:47,0
DA:48,0
DA:50,0
DA:53,0
DA:55,0
DA:56,0
DA:57,0
DA:63,0
DA:65,0
DA:66,0
DA:68,0
DA:70,0
DA:71,0
DA:73,0
DA:74,0
DA:76,0
DA:77,0
DA:82,0
DA:84,0
DA:85,0
DA:87,0
DA:88,0
DA:93,0
DA:95,0
DA:96,0
DA:98,0
DA:99,0
DA:108,0
DA:110,0
DA:111,0
DA:113,0
DA:115,0
DA:117,0
DA:119,0
DA:121,0
DA:127,0
DA:129,0
DA:131,0
DA:133,0
DA:134,0
DA:135,0
DA:136,0
DA:137,0
DA:138,0
DA:140,0
DA:144,0
DA:146,0
DA:147,0
DA:148,0
DA:149,0
DA:150,0
DA:151,0
DA:153,0
DA:157,0
DA:159,0
DA:160,0
DA:161,0
DA:162,0
DA:163,0
DA:174,0
DA:175,0
DA:177,0
DA:178,0
DA:182,0
DA:190,0
DA:191,0
DA:197,0
DA:198,0
DA:200,0
DA:201,0
DA:205,0
DA:213,0
DA:214,0
DA:220,0
DA:221,0
DA:225,0
DA:235,0
DA:236,0
DA:240,0
DA:242,0
DA:243,0
DA:244,0
DA:249,0
DA:250,0
DA:251,0
DA:253,0
DA:254,0
DA:255,0
DA:256,0
DA:267,0
DA:268,0
DA:272,0
DA:274,0
DA:275,0
DA:276,0
DA:277,0
DA:279,0
DA:281,0
DA:282,0
DA:284,0
DA:285,0
DA:286,0
DA:291,0
DA:292,0
DA:293,0
DA:294,0
DA:301,0
DA:302,0
DA:308,0
DA:309,0
DA:310,0
DA:311,0
DA:315,0
DA:317,0
DA:318,0
DA:319,0
DA:320,0
DA:332,0
DA:333,0
DA:334,0
DA:336,0
DA:337,0
DA:338,0
DA:339,0
DA:340,0
DA:341,0
DA:348,0
DA:349,0
DA:351,0
DA:352,0
DA:356,0
DA:359,0
DA:366,0
DA:367,0
DA:368,0
DA:369,0
DA:374,0
DA:379,0
DA:382,0
DA:388,0
DA:392,0
DA:395,0
DA:401,0
DA:402,0
DA:403,0
DA:409,0
DA:414,0
DA:415,0
DA:418,0
DA:419,0
DA:420,0
DA:422,0
DA:424,0
DA:425,0
DA:434,0
DA:435,0
DA:436,0
DA:449,2
DA:451,0
DA:452,0
DA:458,0
DA:460,0
DA:461,0
DA:464,0
DA:466,0
DA:468,0
DA:474,0
DA:476,0
DA:477,0
DA:478,0
DA:494,0
DA:496,0
DA:508,0
DA:522,0
DA:526,0
DA:529,0
DA:530,0
DA:534,0
DA:536,0
DA:537,0
DA:538,0
DA:539,0
DA:553,2
DA:555,0
DA:557,0
DA:558,0
DA:561,0
DA:563,0
DA:565,0
DA:572,0
DA:588,2
DA:590,0
DA:593,0
DA:601,2
DA:603,0
DA:606,0
DA:614,2
DA:616,0
DA:618,0
DA:619,0
DA:622,0
DA:624,0
DA:625,0
DA:632,0
DA:634,0
DA:636,0
DA:637,0
DA:645,0
DA:647,0
DA:652,0
DA:654,0
DA:656,0
DA:657,0
DA:666,0
DA:668,0
DA:670,0
DA:671,0
DA:679,0
DA:681,0
DA:683,0
DA:684,0
DA:692,0
DA:694,0
DA:698,0
DA:699,0
DA:704,0
DA:705,0
DA:711,0
DA:712,0
DA:727,0
DA:728,0
DA:730,0
DA:731,0
LF:248
LH:6
end_of_record
SF:lib\examples\error_handling_example.dart
DA:10,2
DA:12,0
DA:14,0
DA:15,0
DA:18,0
DA:20,0
DA:21,0
DA:23,0
DA:25,0
DA:26,0
DA:28,0
DA:33,0
DA:35,0
DA:40,0
DA:42,0
DA:47,0
DA:49,0
DA:54,0
DA:56,0
DA:62,0
DA:64,0
DA:74,0
DA:76,0
DA:77,0
DA:79,0
DA:84,0
DA:86,0
DA:91,0
DA:93,0
DA:98,0
DA:100,0
DA:109,0
DA:111,0
DA:112,0
DA:114,0
DA:119,0
DA:121,0
DA:127,0
DA:129,0
DA:133,0
DA:143,0
DA:145,0
DA:146,0
DA:148,0
DA:150,0
DA:151,0
DA:156,0
DA:157,0
DA:158,0
DA:165,0
DA:167,0
DA:169,0
DA:170,0
DA:175,0
DA:176,0
DA:177,0
DA:184,0
DA:186,0
DA:188,0
DA:189,0
DA:190,0
DA:197,0
DA:199,0
DA:205,0
DA:207,0
DA:208,0
DA:210,0
DA:212,0
DA:214,0
DA:217,0
DA:224,0
DA:226,0
DA:228,0
DA:233,0
DA:240,0
DA:242,0
DA:244,0
DA:250,0
DA:261,0
DA:263,0
DA:264,0
DA:266,0
DA:267,0
DA:273,0
DA:274,0
DA:275,0
DA:279,0
DA:280,0
DA:281,0
DA:283,0
DA:284,0
DA:285,0
DA:292,0
DA:294,0
DA:295,0
DA:296,0
DA:298,0
DA:300,0
DA:303,0
DA:319,0
DA:320,0
DA:322,0
DA:323,0
DA:327,0
DA:335,0
DA:336,0
DA:342,0
DA:343,0
DA:347,0
LF:109
LH:1
end_of_record
SF:lib\examples\recovery_example.dart
DA:12,2
DA:14,0
DA:15,0
DA:22,0
DA:24,0
DA:25,0
DA:28,0
DA:30,0
DA:31,0
DA:33,0
DA:35,0
DA:36,0
DA:37,0
DA:38,0
DA:40,0
DA:42,0
DA:48,0
DA:49,0
DA:50,0
DA:60,0
DA:62,0
DA:63,0
DA:65,0
DA:67,0
DA:69,0
DA:71,0
DA:73,0
DA:79,0
DA:81,0
DA:82,0
DA:84,0
DA:86,0
DA:88,0
DA:90,0
DA:92,0
DA:98,0
DA:100,0
DA:101,0
DA:103,0
DA:105,0
DA:107,0
DA:118,0
DA:119,0
DA:121,0
DA:122,0
DA:126,0
DA:134,0
DA:135,0
DA:141,0
DA:142,0
DA:146,0
DA:148,0
DA:156,0
DA:161,0
DA:162,0
DA:163,0
DA:167,0
DA:170,0
DA:171,0
DA:173,0
DA:174,0
DA:175,0
DA:177,0
DA:181,0
DA:182,0
DA:183,0
DA:189,0
DA:194,0
DA:195,0
DA:196,0
DA:200,0
DA:203,0
DA:204,0
DA:206,0
DA:207,0
DA:208,0
DA:210,0
DA:214,0
DA:215,0
DA:216,0
DA:222,0
DA:228,0
DA:229,0
DA:230,0
DA:231,0
DA:234,0
DA:240,0
DA:241,0
DA:242,0
DA:248,0
DA:249,0
DA:253,0
DA:254,0
DA:255,0
DA:261,0
DA:267,0
DA:268,0
DA:269,0
DA:270,0
DA:279,0
DA:280,0
DA:281,0
DA:287,0
DA:288,0
DA:292,0
DA:293,0
DA:294,0
DA:298,0
DA:299,0
DA:300,0
DA:309,0
DA:315,0
DA:316,0
DA:317,0
DA:318,0
DA:321,0
DA:327,0
DA:328,0
DA:329,0
DA:330,0
DA:336,0
DA:337,0
DA:341,0
DA:342,0
DA:343,0
DA:349,0
DA:352,0
DA:353,0
DA:355,0
DA:356,0
DA:357,0
DA:361,0
DA:364,0
DA:365,0
DA:367,0
DA:369,0
DA:371,0
DA:372,0
DA:376,0
DA:379,0
DA:380,0
DA:381,0
DA:388,0
DA:389,0
DA:393,0
DA:394,0
DA:395,0
DA:401,0
DA:404,0
DA:405,0
DA:407,0
DA:408,0
DA:409,0
DA:413,0
DA:416,0
DA:417,0
DA:419,0
DA:425,0
DA:426,0
DA:427,0
DA:431,0
DA:432,0
DA:433,0
DA:439,0
DA:442,0
DA:443,0
DA:444,0
DA:446,0
DA:447,0
DA:448,0
DA:452,0
DA:455,0
DA:456,0
DA:457,0
DA:459,0
DA:461,0
DA:463,0
DA:464,0
DA:465,0
DA:469,0
DA:472,0
DA:473,0
DA:474,0
DA:480,0
DA:487,0
DA:488,0
DA:492,0
DA:493,0
DA:494,0
DA:500,0
DA:507,0
DA:508,0
DA:509,0
DA:510,0
DA:511,0
DA:512,0
DA:516,0
DA:527,0
DA:528,0
DA:529,0
DA:533,0
DA:534,0
DA:538,0
DA:539,0
DA:541,0
DA:543,0
DA:545,0
DA:546,0
DA:550,0
DA:558,0
DA:559,0
DA:560,0
DA:565,0
DA:566,0
DA:567,0
DA:571,0
DA:572,0
DA:573,0
DA:582,0
DA:590,0
DA:591,0
DA:592,0
DA:595,0
DA:596,0
DA:597,0
DA:598,0
DA:610,0
DA:611,0
DA:612,0
DA:617,0
DA:618,0
DA:622,0
DA:623,0
DA:624,0
DA:625,0
DA:628,0
DA:637,0
DA:638,0
DA:639,0
DA:644,0
DA:645,0
DA:649,0
DA:652,0
DA:653,0
DA:654,0
DA:658,0
DA:659,0
DA:660,0
DA:668,0
DA:669,0
DA:670,0
DA:674,0
DA:675,0
DA:676,0
DA:678,0
LF:255
LH:1
end_of_record
SF:lib\routes\app_routes.dart
DA:32,2
DA:33,1
DA:34,0
DA:35,0
DA:36,0
DA:37,0
DA:38,0
DA:39,0
DA:40,0
DA:41,0
DA:42,0
DA:47,1
DA:49,1
DA:52,1
DA:53,1
DA:54,0
DA:55,0
DA:57,0
DA:61,1
DA:62,0
DA:63,0
DA:65,0
DA:71,1
DA:80,1
DA:85,1
DA:87,1
DA:88,1
DA:90,1
DA:91,1
DA:93,0
DA:94,0
DA:95,0
DA:98,0
DA:102,0
DA:103,0
DA:104,0
DA:107,0
DA:111,0
DA:112,0
DA:113,0
DA:116,0
DA:120,0
DA:121,0
DA:122,0
DA:125,0
DA:129,0
DA:130,0
LF:47
LH:14
end_of_record
SF:lib\screens\booking_panel\booking_panel_screen.dart
DA:24,4
DA:26,0
DA:27,0
DA:44,0
DA:46,0
DA:48,0
DA:49,0
DA:51,0
DA:55,0
DA:57,0
DA:61,0
DA:62,0
DA:63,0
DA:64,0
DA:69,0
DA:70,0
DA:71,0
DA:72,0
DA:73,0
DA:78,0
DA:79,0
DA:80,0
DA:81,0
DA:87,0
DA:89,0
DA:90,0
DA:93,0
DA:95,0
DA:96,0
DA:98,0
DA:100,0
DA:101,0
DA:102,0
DA:103,0
DA:104,0
DA:105,0
DA:111,0
DA:112,0
DA:113,0
DA:120,0
DA:121,0
DA:122,0
DA:123,0
DA:124,0
DA:127,0
DA:128,0
DA:129,0
DA:139,0
DA:140,0
DA:142,0
DA:144,0
DA:145,0
DA:146,0
DA:147,0
DA:150,0
DA:151,0
DA:152,0
DA:153,0
DA:156,0
DA:158,0
DA:160,0
DA:161,0
DA:163,0
DA:167,0
DA:169,0
DA:170,0
DA:172,0
DA:176,0
DA:184,0
DA:185,0
DA:186,0
DA:191,0
DA:192,0
DA:193,0
DA:194,0
DA:197,0
DA:199,0
DA:200,0
DA:203,0
DA:204,0
DA:205,0
DA:206,0
DA:207,0
DA:211,0
DA:214,0
DA:220,0
DA:223,0
DA:226,0
DA:228,0
DA:230,0
DA:235,0
DA:236,0
DA:242,0
DA:244,0
DA:245,0
DA:246,0
DA:248,0
DA:249,0
DA:251,0
DA:252,0
DA:254,0
DA:257,0
DA:259,0
DA:268,0
DA:269,0
DA:274,0
DA:277,0
DA:281,0
DA:289,0
DA:290,0
DA:291,0
DA:298,0
DA:301,0
DA:302,0
DA:303,0
DA:309,0
DA:310,0
DA:317,0
DA:318,0
DA:319,0
DA:321,0
DA:327,0
DA:328,0
LF:123
LH:1
end_of_record
SF:lib\screens\calendar\calendar_screen.dart
DA:18,2
DA:20,0
DA:21,0
DA:37,0
DA:39,0
DA:40,0
DA:41,0
DA:42,0
DA:43,0
DA:46,0
DA:47,0
DA:51,0
DA:54,0
DA:58,0
DA:60,0
DA:61,0
DA:64,0
DA:65,0
DA:71,0
DA:72,0
DA:73,0
DA:74,0
DA:75,0
DA:76,0
DA:80,0
DA:82,0
DA:83,0
DA:91,0
DA:92,0
DA:96,0
DA:97,0
DA:100,0
DA:103,0
DA:104,0
DA:105,0
DA:107,0
DA:108,0
DA:109,0
DA:114,0
DA:115,0
DA:116,0
DA:118,0
DA:119,0
DA:120,0
DA:127,0
DA:128,0
DA:129,0
DA:130,0
DA:131,0
DA:133,0
DA:135,0
DA:140,0
DA:141,0
DA:142,0
DA:143,0
DA:149,0
DA:151,0
DA:152,0
DA:153,0
DA:156,0
DA:158,0
DA:160,0
DA:162,0
DA:164,0
DA:165,0
DA:166,0
DA:167,0
DA:168,0
DA:169,0
DA:174,0
DA:177,0
DA:178,0
DA:180,0
DA:181,0
DA:183,0
DA:185,0
DA:191,0
DA:192,0
DA:193,0
DA:200,0
DA:201,0
DA:203,0
DA:204,0
DA:205,0
DA:206,0
DA:207,0
DA:212,0
DA:217,0
DA:218,0
DA:220,0
DA:238,0
DA:239,0
DA:240,0
DA:241,0
DA:247,0
DA:252,0
DA:253,0
DA:254,0
DA:255,0
DA:256,0
DA:265,0
DA:266,0
DA:267,0
DA:268,0
DA:269,0
DA:270,0
DA:271,0
DA:273,0
DA:275,0
DA:290,0
DA:293,0
DA:305,0
DA:306,0
DA:307,0
DA:308,0
DA:309,0
DA:312,0
DA:313,0
DA:318,0
DA:320,0
DA:321,0
DA:322,0
DA:323,0
DA:324,0
DA:329,0
DA:330,0
DA:331,0
DA:332,0
DA:333,0
DA:334,0
DA:345,0
DA:346,0
DA:347,0
DA:348,0
DA:349,0
DA:350,0
DA:351,0
DA:353,0
DA:354,0
DA:356,0
DA:358,0
DA:361,0
LF:142
LH:1
end_of_record
SF:lib\screens\settings\settings_screen.dart
DA:27,2
DA:29,0
DA:30,0
DA:39,0
DA:41,0
DA:44,0
DA:45,0
DA:48,0
DA:51,0
DA:53,0
DA:54,0
DA:60,0
DA:61,0
DA:63,0
DA:68,0
DA:70,0
DA:75,0
DA:80,0
DA:81,0
DA:84,0
DA:86,0
DA:92,0
DA:93,0
DA:94,0
DA:95,0
DA:100,0
DA:102,0
DA:109,0
DA:113,0
DA:115,0
DA:120,0
DA:121,0
DA:122,0
DA:123,0
DA:130,0
DA:137,0
DA:138,0
DA:139,0
DA:140,0
DA:141,0
DA:142,0
DA:143,0
DA:145,0
DA:149,0
DA:151,0
DA:161,0
DA:162,0
DA:163,0
DA:164,0
DA:170,0
DA:172,0
DA:173,0
DA:176,0
DA:177,0
DA:178,0
DA:179,0
DA:180,0
DA:187,0
DA:189,0
DA:191,0
DA:195,0
DA:197,0
DA:199,0
DA:203,0
DA:209,0
DA:213,0
DA:219,0
DA:223,0
DA:229,0
DA:233,0
DA:239,0
DA:243,0
DA:250,0
DA:252,0
DA:253,0
DA:257,0
DA:258,0
DA:264,0
DA:268,0
DA:269,0
DA:275,0
DA:279,0
DA:280,0
DA:286,0
DA:290,0
DA:291,0
DA:302,0
DA:304,0
DA:305,0
DA:307,0
DA:308,0
DA:309,0
DA:313,0
DA:315,0
DA:316,0
DA:317,0
DA:321,0
DA:325,0
DA:326,0
DA:333,0
DA:337,0
DA:338,0
DA:349,0
DA:351,0
DA:352,0
DA:356,0
DA:357,0
DA:364,0
DA:368,0
DA:369,0
DA:376,0
DA:380,0
DA:381,0
LF:113
LH:1
end_of_record
SF:lib\screens\settings\database_integrity_screen.dart
DA:16,4
DA:18,0
DA:19,0
DA:32,0
DA:34,0
DA:35,0
DA:39,0
DA:40,0
DA:41,0
DA:45,0
DA:46,0
DA:47,0
DA:48,0
DA:49,0
DA:50,0
DA:51,0
DA:54,0
DA:56,0
DA:57,0
DA:58,0
DA:59,0
DA:65,0
DA:66,0
DA:72,0
DA:73,0
DA:74,0
DA:78,0
DA:79,0
DA:80,0
DA:81,0
DA:82,0
DA:83,0
DA:87,0
DA:90,0
DA:91,0
DA:92,0
DA:96,0
DA:99,0
DA:100,0
DA:108,0
DA:109,0
DA:110,0
DA:111,0
DA:112,0
DA:119,0
DA:120,0
DA:126,0
DA:127,0
DA:128,0
DA:132,0
DA:133,0
DA:134,0
DA:135,0
DA:139,0
DA:141,0
DA:142,0
DA:151,0
DA:152,0
DA:153,0
DA:154,0
DA:157,0
DA:158,0
DA:159,0
DA:160,0
DA:163,0
DA:164,0
DA:165,0
DA:166,0
DA:170,0
DA:171,0
DA:172,0
DA:173,0
DA:176,0
DA:178,0
DA:185,0
DA:186,0
DA:188,0
DA:189,0
DA:190,0
DA:191,0
DA:198,0
DA:199,0
DA:205,0
DA:206,0
DA:207,0
DA:211,0
DA:212,0
DA:215,0
DA:216,0
DA:218,0
DA:223,0
DA:225,0
DA:226,0
DA:235,0
DA:236,0
DA:237,0
DA:238,0
DA:239,0
DA:243,0
DA:244,0
DA:245,0
DA:246,0
DA:254,0
DA:255,0
DA:257,0
DA:258,0
DA:259,0
DA:260,0
DA:267,0
DA:268,0
DA:273,0
DA:275,0
DA:276,0
DA:278,0
DA:279,0
DA:281,0
DA:286,0
DA:288,0
DA:290,0
DA:292,0
DA:294,0
DA:295,0
DA:297,0
DA:299,0
DA:308,0
DA:313,0
DA:314,0
DA:315,0
DA:316,0
DA:321,0
DA:326,0
DA:327,0
DA:328,0
DA:329,0
DA:330,0
DA:336,0
DA:338,0
DA:339,0
DA:341,0
DA:342,0
DA:343,0
DA:344,0
DA:346,0
DA:347,0
DA:387,0
DA:388,0
DA:390,0
DA:392,0
DA:401,0
DA:402,0
DA:403,0
DA:404,0
DA:407,0
DA:409,0
DA:413,0
DA:414,0
DA:417,0
DA:419,0
DA:424,0
DA:432,0
DA:434,0
DA:435,0
DA:448,0
DA:449,0
DA:450,0
DA:452,0
DA:454,0
DA:463,0
DA:476,0
DA:477,0
DA:481,0
DA:488,0
DA:489,0
DA:490,0
DA:495,0
DA:498,0
DA:499,0
DA:500,0
DA:501,0
DA:502,0
DA:512,0
DA:513,0
DA:514,0
DA:515,0
DA:516,0
DA:526,0
DA:527,0
DA:528,0
DA:529,0
DA:530,0
DA:540,0
DA:541,0
DA:542,0
DA:543,0
DA:544,0
DA:549,0
DA:556,0
DA:563,0
DA:569,0
DA:570,0
DA:573,0
DA:575,0
DA:576,0
DA:577,0
DA:580,0
DA:581,0
DA:589,0
DA:590,0
DA:592,0
DA:593,0
DA:600,0
DA:606,0
DA:607,0
DA:609,0
DA:623,0
DA:624,0
DA:625,0
DA:626,0
DA:627,0
DA:628,0
DA:630,0
DA:632,0
DA:633,0
DA:640,0
DA:646,0
DA:647,0
LF:226
LH:1
end_of_record
SF:lib\screens\add_gear\add_gear_screen.dart
DA:17,2
DA:19,0
DA:20,0
DA:38,0
DA:40,0
DA:43,0
DA:44,0
DA:48,0
DA:49,0
DA:50,0
DA:53,0
DA:54,0
DA:55,0
DA:59,0
DA:60,0
DA:63,0
DA:64,0
DA:67,0
DA:68,0
DA:71,0
DA:74,0
DA:75,0
DA:76,0
DA:77,0
DA:78,0
DA:82,0
DA:84,0
DA:86,0
DA:87,0
DA:88,0
DA:93,0
DA:95,0
DA:96,0
DA:109,0
DA:110,0
DA:111,0
DA:115,0
DA:116,0
DA:117,0
DA:124,0
DA:126,0
DA:127,0
DA:132,0
DA:133,0
DA:134,0
DA:141,0
DA:142,0
DA:143,0
DA:144,0
DA:146,0
DA:147,0
DA:148,0
DA:149,0
DA:151,0
DA:154,0
DA:158,0
DA:159,0
DA:160,0
DA:162,0
DA:164,0
DA:171,0
DA:175,0
DA:176,0
DA:179,0
DA:180,0
DA:183,0
DA:186,0
DA:189,0
DA:191,0
DA:194,0
DA:195,0
DA:197,0
DA:199,0
DA:200,0
DA:202,0
DA:206,0
DA:209,0
DA:212,0
DA:214,0
DA:215,0
DA:218,0
DA:221,0
DA:224,0
DA:225,0
DA:226,0
DA:229,0
DA:232,0
DA:233,0
DA:234,0
DA:235,0
DA:239,0
DA:240,0
DA:245,0
DA:248,0
DA:249,0
DA:250,0
DA:251,0
DA:253,0
DA:254,0
DA:256,0
DA:259,0
DA:260,0
DA:261,0
DA:264,0
DA:265,0
DA:266,0
DA:267,0
DA:268,0
DA:272,0
DA:273,0
DA:274,0
DA:275,0
DA:279,0
DA:281,0
DA:288,0
DA:290,0
DA:302,0
DA:305,0
DA:307,0
DA:308,0
DA:309,0
DA:311,0
DA:316,0
DA:319,0
DA:321,0
LF:125
LH:1
end_of_record
SF:lib\screens\member_management\member_list_screen.dart
DA:15,4
DA:17,0
DA:18,0
DA:40,0
DA:42,0
DA:43,0
DA:47,0
DA:48,0
DA:49,0
DA:50,0
DA:54,0
DA:55,0
DA:56,0
DA:57,0
DA:58,0
DA:61,0
DA:62,0
DA:63,0
DA:65,0
DA:67,0
DA:71,0
DA:72,0
DA:73,0
DA:74,0
DA:81,0
DA:82,0
DA:83,0
DA:85,0
DA:86,0
DA:87,0
DA:90,0
DA:91,0
DA:94,0
DA:99,0
DA:100,0
DA:101,0
DA:103,0
DA:104,0
DA:110,0
DA:111,0
DA:112,0
DA:113,0
DA:114,0
DA:117,0
DA:121,0
DA:122,0
DA:123,0
DA:124,0
DA:128,0
DA:132,0
DA:133,0
DA:134,0
DA:135,0
DA:136,0
DA:139,0
DA:143,0
DA:145,0
DA:146,0
DA:147,0
DA:149,0
DA:150,0
DA:151,0
DA:152,0
DA:155,0
DA:156,0
DA:163,0
DA:165,0
DA:166,0
DA:167,0
DA:171,0
DA:174,0
DA:175,0
DA:176,0
DA:177,0
DA:178,0
DA:180,0
DA:182,0
DA:183,0
DA:185,0
DA:186,0
DA:187,0
DA:188,0
DA:198,0
DA:200,0
DA:201,0
DA:202,0
DA:204,0
DA:206,0
DA:210,0
DA:211,0
DA:212,0
DA:213,0
DA:219,0
DA:221,0
DA:222,0
DA:224,0
DA:225,0
DA:228,0
DA:232,0
DA:233,0
DA:235,0
DA:237,0
DA:238,0
DA:240,0
DA:242,0
DA:245,0
DA:246,0
DA:247,0
DA:248,0
DA:255,0
DA:257,0
DA:258,0
DA:260,0
DA:261,0
DA:262,0
DA:264,0
DA:265,0
DA:266,0
DA:268,0
DA:269,0
DA:270,0
DA:280,0
DA:281,0
DA:282,0
DA:287,0
DA:288,0
DA:290,0
DA:294,0
DA:295,0
DA:296,0
DA:297,0
DA:307,0
DA:308,0
DA:310,0
DA:311,0
DA:312,0
DA:314,0
DA:321,0
DA:323,0
DA:326,0
DA:327,0
DA:329,0
DA:332,0
DA:334,0
DA:340,0
DA:341,0
DA:342,0
DA:344,0
DA:351,0
DA:352,0
DA:355,0
DA:358,0
DA:360,0
DA:366,0
DA:367,0
DA:368,0
DA:369,0
DA:370,0
DA:376,0
DA:377,0
DA:385,0
DA:386,0
DA:391,0
DA:392,0
DA:393,0
DA:394,0
DA:396,0
DA:397,0
DA:399,0
DA:405,0
DA:406,0
DA:408,0
DA:409,0
DA:410,0
DA:411,0
DA:413,0
DA:414,0
DA:415,0
DA:416,0
DA:422,0
DA:423,0
DA:424,0
DA:427,0
DA:429,0
DA:432,0
LF:185
LH:1
end_of_record
SF:lib\screens\project_management\project_list_screen.dart
DA:15,4
DA:17,0
DA:18,0
DA:40,0
DA:42,0
DA:43,0
DA:47,0
DA:48,0
DA:49,0
DA:50,0
DA:54,0
DA:55,0
DA:56,0
DA:57,0
DA:58,0
DA:61,0
DA:62,0
DA:63,0
DA:65,0
DA:67,0
DA:71,0
DA:72,0
DA:73,0
DA:74,0
DA:81,0
DA:82,0
DA:83,0
DA:85,0
DA:86,0
DA:87,0
DA:88,0
DA:91,0
DA:92,0
DA:95,0
DA:100,0
DA:101,0
DA:102,0
DA:104,0
DA:105,0
DA:111,0
DA:112,0
DA:113,0
DA:114,0
DA:115,0
DA:118,0
DA:122,0
DA:123,0
DA:124,0
DA:125,0
DA:129,0
DA:133,0
DA:134,0
DA:135,0
DA:136,0
DA:137,0
DA:140,0
DA:144,0
DA:146,0
DA:147,0
DA:148,0
DA:150,0
DA:151,0
DA:152,0
DA:153,0
DA:156,0
DA:157,0
DA:164,0
DA:166,0
DA:167,0
DA:168,0
DA:172,0
DA:175,0
DA:176,0
DA:177,0
DA:178,0
DA:179,0
DA:181,0
DA:183,0
DA:184,0
DA:186,0
DA:187,0
DA:188,0
DA:189,0
DA:199,0
DA:201,0
DA:202,0
DA:203,0
DA:205,0
DA:207,0
DA:211,0
DA:212,0
DA:213,0
DA:214,0
DA:220,0
DA:222,0
DA:223,0
DA:225,0
DA:226,0
DA:229,0
DA:233,0
DA:234,0
DA:236,0
DA:238,0
DA:239,0
DA:241,0
DA:243,0
DA:246,0
DA:247,0
DA:248,0
DA:249,0
DA:256,0
DA:258,0
DA:259,0
DA:261,0
DA:262,0
DA:263,0
DA:265,0
DA:266,0
DA:267,0
DA:269,0
DA:270,0
DA:271,0
DA:281,0
DA:282,0
DA:283,0
DA:288,0
DA:289,0
DA:291,0
DA:295,0
DA:296,0
DA:297,0
DA:298,0
DA:308,0
DA:309,0
DA:311,0
DA:312,0
DA:313,0
DA:315,0
DA:322,0
DA:324,0
DA:327,0
DA:328,0
DA:330,0
DA:333,0
DA:335,0
DA:341,0
DA:342,0
DA:343,0
DA:345,0
DA:346,0
DA:347,0
DA:355,0
DA:356,0
DA:359,0
DA:362,0
DA:364,0
DA:370,0
DA:371,0
DA:372,0
DA:373,0
DA:374,0
DA:380,0
DA:381,0
DA:389,0
DA:390,0
DA:395,0
DA:396,0
DA:397,0
DA:398,0
DA:400,0
DA:402,0
DA:404,0
DA:406,0
DA:408,0
DA:415,0
DA:416,0
DA:418,0
DA:419,0
DA:420,0
DA:421,0
DA:424,0
DA:426,0
DA:427,0
DA:428,0
DA:437,0
DA:438,0
DA:439,0
DA:442,0
DA:444,0
DA:447,0
DA:456,0
DA:457,0
DA:458,0
DA:459,0
DA:465,0
DA:467,0
DA:468,0
DA:475,0
DA:476,0
DA:477,0
LF:200
LH:1
end_of_record
SF:lib\screens\gear_management\gear_list_screen.dart
DA:16,4
DA:18,0
DA:19,0
DA:44,0
DA:46,0
DA:47,0
DA:51,0
DA:52,0
DA:53,0
DA:54,0
DA:58,0
DA:59,0
DA:60,0
DA:61,0
DA:62,0
DA:65,0
DA:66,0
DA:67,0
DA:69,0
DA:71,0
DA:75,0
DA:76,0
DA:77,0
DA:78,0
DA:85,0
DA:86,0
DA:87,0
DA:89,0
DA:90,0
DA:91,0
DA:92,0
DA:93,0
DA:96,0
DA:97,0
DA:100,0
DA:101,0
DA:104,0
DA:109,0
DA:110,0
DA:111,0
DA:116,0
DA:117,0
DA:118,0
DA:119,0
DA:120,0
DA:123,0
DA:127,0
DA:128,0
DA:129,0
DA:130,0
DA:134,0
DA:138,0
DA:139,0
DA:140,0
DA:141,0
DA:142,0
DA:145,0
DA:149,0
DA:151,0
DA:152,0
DA:153,0
DA:155,0
DA:156,0
DA:157,0
DA:159,0
DA:163,0
DA:165,0
DA:173,0
DA:175,0
DA:176,0
DA:177,0
DA:181,0
DA:184,0
DA:185,0
DA:186,0
DA:187,0
DA:188,0
DA:190,0
DA:192,0
DA:193,0
DA:195,0
DA:196,0
DA:197,0
DA:198,0
DA:208,0
DA:210,0
DA:211,0
DA:212,0
DA:214,0
DA:216,0
DA:220,0
DA:221,0
DA:222,0
DA:223,0
DA:230,0
DA:231,0
DA:233,0
DA:234,0
DA:235,0
DA:243,0
DA:244,0
DA:246,0
DA:247,0
DA:248,0
DA:255,0
DA:258,0
DA:259,0
DA:260,0
DA:262,0
DA:264,0
DA:267,0
DA:268,0
DA:270,0
DA:271,0
DA:273,0
DA:274,0
DA:275,0
DA:276,0
DA:277,0
DA:278,0
DA:279,0
DA:287,0
DA:288,0
DA:290,0
DA:298,0
DA:301,0
DA:302,0
DA:306,0
DA:307,0
DA:308,0
DA:309,0
DA:314,0
DA:315,0
DA:316,0
DA:317,0
DA:322,0
DA:323,0
DA:324,0
DA:330,0
DA:332,0
DA:333,0
DA:334,0
DA:336,0
DA:338,0
DA:342,0
DA:343,0
DA:344,0
DA:345,0
DA:352,0
DA:353,0
DA:355,0
DA:356,0
DA:357,0
DA:365,0
DA:366,0
DA:370,0
DA:371,0
DA:372,0
DA:377,0
DA:378,0
DA:379,0
DA:380,0
DA:385,0
DA:386,0
DA:387,0
DA:393,0
DA:395,0
DA:396,0
DA:397,0
DA:399,0
DA:401,0
DA:405,0
DA:406,0
DA:407,0
DA:408,0
DA:414,0
DA:416,0
DA:417,0
DA:419,0
DA:420,0
DA:423,0
DA:427,0
DA:428,0
DA:430,0
DA:432,0
DA:433,0
DA:435,0
DA:438,0
DA:439,0
DA:440,0
DA:441,0
DA:447,0
DA:448,0
DA:450,0
DA:452,0
DA:454,0
DA:455,0
DA:460,0
DA:461,0
DA:463,0
DA:467,0
DA:468,0
DA:469,0
DA:470,0
DA:477,0
DA:479,0
DA:481,0
DA:496,0
DA:497,0
DA:498,0
DA:499,0
DA:511,0
DA:512,0
DA:514,0
DA:515,0
DA:516,0
DA:518,0
DA:525,0
DA:527,0
DA:530,0
DA:531,0
DA:533,0
DA:536,0
DA:538,0
DA:544,0
DA:545,0
DA:546,0
DA:549,0
DA:552,0
DA:553,0
DA:559,0
DA:562,0
DA:563,0
DA:564,0
DA:565,0
DA:566,0
DA:567,0
DA:571,0
DA:572,0
DA:573,0
DA:574,0
DA:575,0
DA:581,0
DA:582,0
DA:590,0
DA:591,0
DA:593,0
DA:594,0
DA:595,0
DA:596,0
DA:597,0
LF:251
LH:1
end_of_record
SF:lib\screens\studio_management\studio_management_screen.dart
DA:15,2
DA:17,0
DA:18,0
DA:30,0
DA:32,0
DA:33,0
DA:34,0
DA:37,0
DA:39,0
DA:40,0
DA:44,0
DA:45,0
DA:46,0
DA:51,0
DA:55,0
DA:58,0
DA:59,0
DA:60,0
DA:61,0
DA:62,0
DA:69,0
DA:72,0
DA:75,0
DA:76,0
DA:77,0
DA:78,0
DA:81,0
DA:82,0
DA:83,0
DA:84,0
DA:87,0
DA:88,0
DA:89,0
DA:90,0
DA:98,0
DA:99,0
DA:100,0
DA:101,0
DA:106,0
DA:107,0
DA:108,0
DA:113,0
DA:115,0
DA:116,0
DA:118,0
DA:121,0
DA:122,0
DA:123,0
DA:126,0
DA:128,0
DA:129,0
DA:130,0
DA:136,0
DA:137,0
DA:138,0
DA:139,0
DA:147,0
DA:149,0
DA:151,0
DA:152,0
DA:153,0
DA:156,0
DA:157,0
DA:158,0
DA:164,0
DA:165,0
DA:166,0
DA:167,0
DA:175,0
DA:177,0
DA:178,0
DA:179,0
DA:181,0
DA:182,0
DA:183,0
DA:184,0
DA:187,0
DA:188,0
DA:198,0
DA:199,0
DA:201,0
DA:202,0
DA:203,0
DA:209,0
DA:210,0
DA:211,0
DA:212,0
DA:219,0
DA:221,0
DA:222,0
DA:224,0
DA:225,0
DA:231,0
DA:232,0
DA:235,0
DA:239,0
DA:241,0
DA:242,0
DA:243,0
DA:244,0
DA:245,0
DA:246,0
DA:247,0
DA:248,0
DA:255,0
DA:256,0
DA:257,0
DA:262,0
DA:263,0
DA:264,0
DA:265,0
DA:266,0
DA:267,0
DA:268,0
DA:271,0
DA:272,0
DA:273,0
DA:274,0
DA:275,0
DA:276,0
DA:284,0
DA:285,0
DA:286,0
DA:289,0
DA:292,0
DA:293,0
DA:294,0
DA:303,0
DA:305,0
DA:306,0
DA:307,0
DA:308,0
DA:310,0
DA:311,0
DA:312,0
DA:313,0
DA:315,0
DA:316,0
DA:320,0
DA:321,0
DA:322,0
DA:326,0
DA:328,0
DA:330,0
DA:331,0
DA:332,0
DA:336,0
DA:338,0
DA:341,0
DA:343,0
DA:347,0
LF:151
LH:1
end_of_record
SF:lib\screens\activity_log\activity_log_screen.dart
DA:16,0
DA:21,0
DA:22,0
DA:30,0
DA:32,0
DA:33,0
DA:35,0
DA:37,0
DA:38,0
DA:39,0
DA:42,0
DA:47,0
DA:48,0
DA:49,0
DA:53,0
DA:54,0
DA:55,0
DA:56,0
DA:58,0
DA:59,0
DA:61,0
DA:62,0
DA:63,0
DA:66,0
DA:67,0
DA:68,0
DA:69,0
DA:74,0
DA:75,0
DA:76,0
DA:77,0
DA:82,0
DA:84,0
DA:85,0
DA:87,0
DA:88,0
DA:91,0
DA:95,0
DA:96,0
DA:98,0
DA:100,0
DA:104,0
DA:105,0
DA:106,0
DA:107,0
DA:114,0
DA:115,0
DA:116,0
DA:117,0
DA:124,0
DA:125,0
DA:126,0
DA:127,0
DA:129,0
DA:130,0
DA:135,0
DA:136,0
DA:137,0
DA:138,0
DA:150,0
DA:152,0
DA:153,0
DA:154,0
DA:157,0
DA:158,0
DA:159,0
DA:160,0
DA:164,0
DA:169,0
DA:171,0
DA:173,0
DA:175,0
DA:178,0
DA:179,0
DA:180,0
DA:181,0
DA:182,0
DA:184,0
DA:185,0
DA:186,0
DA:195,0
DA:196,0
DA:198,0
DA:200,0
DA:201,0
DA:202,0
DA:208,0
DA:209,0
DA:210,0
DA:211,0
DA:212,0
DA:218,0
DA:220,0
DA:221,0
DA:222,0
DA:229,0
DA:232,0
DA:233,0
DA:234,0
LF:99
LH:0
end_of_record
SF:lib\theme\blkwds_animations.dart
DA:51,0
DA:56,0
DA:57,0
DA:66,0
DA:73,0
DA:74,0
DA:77,0
DA:86,0
DA:93,0
DA:94,0
DA:97,0
DA:106,0
DA:113,0
DA:114,0
DA:118,0
DA:119,0
DA:122,0
DA:132,0
DA:143,0
DA:146,0
DA:147,0
DA:150,0
DA:151,0
DA:153,0
DA:154,0
DA:155,0
DA:156,0
DA:165,0
DA:173,0
DA:176,0
DA:177,0
DA:180,0
DA:181,0
DA:188,0
DA:194,0
DA:196,0
DA:197,0
DA:198,0
DA:202,0
DA:214,0
DA:218,0
DA:219,0
DA:220,0
DA:222,0
DA:223,0
DA:227,0
DA:228,0
DA:233,0
DA:234,0
DA:239,0
DA:240,0
DA:245,0
DA:246,0
DA:251,0
DA:252,0
DA:274,0
DA:280,0
DA:281,0
DA:289,0
DA:295,0
DA:296,0
DA:312,2
DA:321,0
DA:322,0
DA:328,0
DA:330,0
DA:331,0
DA:333,0
DA:334,0
DA:337,0
DA:339,0
DA:340,0
DA:343,0
DA:345,0
DA:346,0
DA:347,0
DA:348,0
DA:349,0
DA:350,0
DA:351,0
DA:352,0
DA:353,0
DA:354,0
DA:355,0
DA:370,0
DA:377,0
DA:380,0
DA:381,0
DA:383,0
DA:384,0
DA:385,0
DA:386,0
DA:387,0
DA:390,0
DA:391,0
DA:394,0
DA:395,0
DA:396,0
DA:398,0
DA:399,0
DA:400,0
DA:407,0
DA:409,0
DA:410,0
DA:411,0
DA:426,0
DA:438,0
DA:440,0
DA:441,0
DA:442,0
DA:443,0
DA:444,0
DA:446,0
DA:447,0
DA:448,0
DA:449,0
DA:451,0
DA:452,0
DA:454,0
DA:455,0
DA:456,0
DA:457,0
DA:459,0
DA:460,0
DA:461,0
DA:462,0
DA:463,0
DA:464,0
DA:471,0
DA:473,0
DA:474,0
DA:475,0
LF:132
LH:1
end_of_record
SF:lib\utils\date_formatter.dart
DA:7,0
DA:8,0
DA:12,0
DA:13,0
DA:17,0
DA:18,0
DA:22,0
DA:23,0
DA:27,0
DA:28,0
DA:29,0
DA:30,0
DA:33,0
DA:35,0
DA:40,0
DA:41,0
DA:42,0
DA:43,0
DA:44,0
DA:46,0
DA:47,0
DA:48,0
DA:49,0
DA:51,0
DA:53,0
DA:54,0
DA:56,0
DA:62,0
DA:63,0
DA:64,0
DA:66,0
DA:68,0
DA:69,0
DA:70,0
DA:71,0
DA:72,0
DA:73,0
DA:75,0
LF:38
LH:0
end_of_record
SF:lib\services\navigation_service.dart
DA:11,3
DA:14,2
DA:17,1
DA:23,0
DA:26,0
DA:34,0
DA:37,0
DA:41,0
DA:43,0
DA:45,0
DA:48,0
DA:54,0
DA:55,0
DA:56,0
DA:58,0
DA:63,0
DA:72,0
DA:74,0
DA:78,0
DA:83,0
DA:86,0
DA:92,0
DA:94,0
DA:95,0
DA:102,0
DA:103,0
DA:107,0
DA:108,0
DA:116,0
DA:117,0
DA:120,0
DA:125,0
DA:126,0
DA:133,0
DA:134,0
DA:141,0
DA:142,0
DA:149,0
DA:150,0
DA:157,0
DA:158,0
DA:165,0
DA:166,0
DA:173,0
DA:174,0
DA:181,0
DA:182,0
DA:185,0
LF:48
LH:3
end_of_record
SF:lib\screens\add_gear\add_gear_controller.dart
DA:34,0
DA:35,0
DA:39,0
DA:41,0
DA:44,0
DA:45,0
DA:48,0
DA:49,0
DA:50,0
DA:61,0
DA:62,0
DA:65,0
DA:66,0
DA:67,0
DA:81,0
DA:83,0
DA:87,0
DA:88,0
DA:93,0
DA:95,0
DA:96,0
DA:97,0
DA:103,0
DA:106,0
DA:107,0
DA:108,0
DA:121,0
DA:122,0
DA:123,0
DA:124,0
DA:125,0
DA:126,0
DA:133,0
DA:134,0
DA:141,0
DA:142,0
DA:145,0
DA:146,0
DA:151,0
DA:154,0
DA:155,0
DA:156,0
DA:166,0
DA:167,0
DA:170,0
DA:171,0
DA:172,0
DA:179,0
DA:184,0
DA:189,0
DA:190,0
DA:194,0
DA:195,0
DA:199,0
DA:200,0
DA:201,0
DA:202,0
DA:203,0
DA:204,0
DA:205,0
DA:206,0
DA:207,0
DA:211,0
DA:212,0
DA:213,0
DA:214,0
DA:215,0
DA:216,0
DA:217,0
DA:218,0
DA:219,0
DA:220,0
LF:72
LH:0
end_of_record
SF:lib\services\image_service.dart
DA:11,0
DA:14,0
DA:16,0
DA:19,0
DA:20,0
DA:27,0
DA:29,0
DA:35,0
DA:38,0
DA:39,0
DA:40,0
DA:43,0
DA:44,0
DA:47,0
DA:48,0
DA:49,0
DA:53,0
DA:54,0
DA:58,0
DA:64,0
DA:66,0
DA:68,0
DA:69,0
DA:75,0
LF:24
LH:0
end_of_record
SF:lib\services\contextual_error_handler.dart
DA:23,1
DA:31,0
DA:34,1
DA:35,3
DA:41,1
DA:44,1
DA:48,0
DA:49,0
DA:50,0
DA:51,0
DA:53,0
DA:55,0
DA:57,0
DA:59,0
DA:60,0
DA:62,0
DA:64,0
DA:66,0
DA:68,0
DA:70,0
DA:72,0
DA:74,0
DA:76,0
DA:85,1
DA:86,1
DA:87,0
DA:90,1
DA:94,1
DA:101,1
DA:104,1
DA:105,1
DA:107,0
DA:108,0
DA:110,0
DA:111,0
DA:113,0
DA:115,0
DA:125,0
DA:131,0
DA:132,0
DA:134,0
DA:138,0
DA:142,0
DA:145,0
DA:146,0
DA:147,0
DA:148,0
DA:149,0
DA:153,0
DA:154,0
DA:155,0
DA:159,0
DA:160,0
DA:164,0
DA:165,0
DA:169,0
LF:56
LH:12
end_of_record
SF:lib\services\retry_service.dart
DA:25,2
DA:37,2
DA:38,2
DA:41,1
DA:42,0
DA:47,1
DA:48,1
DA:53,0
DA:56,0
DA:60,0
DA:64,0
DA:70,0
DA:76,0
DA:78,0
DA:80,0
DA:86,0
DA:101,0
DA:114,0
DA:120,0
DA:123,0
DA:125,0
DA:132,0
DA:133,0
DA:139,0
DA:142,0
DA:147,0
DA:154,0
DA:156,0
DA:161,0
DA:180,0
DA:181,0
DA:182,0
DA:184,0
DA:191,1
DA:192,1
DA:194,0
DA:199,0
DA:202,0
DA:203,0
DA:204,0
DA:205,0
DA:213,2
DA:214,1
DA:215,1
DA:216,1
DA:217,1
LF:46
LH:13
end_of_record
SF:lib\screens\booking_panel\booking_detail_screen.dart
DA:20,0
DA:26,0
DA:27,0
DA:47,0
DA:49,0
DA:50,0
DA:51,0
DA:52,0
DA:55,0
DA:57,0
DA:58,0
DA:62,0
DA:63,0
DA:64,0
DA:65,0
DA:70,0
DA:73,0
DA:74,0
DA:75,0
DA:79,0
DA:80,0
DA:83,0
DA:84,0
DA:85,0
DA:87,0
DA:88,0
DA:91,0
DA:92,0
DA:93,0
DA:94,0
DA:100,0
DA:101,0
DA:102,0
DA:107,0
DA:108,0
DA:109,0
DA:114,0
DA:115,0
DA:116,0
DA:117,0
DA:121,0
DA:124,0
DA:125,0
DA:126,0
DA:127,0
DA:131,0
DA:134,0
DA:135,0
DA:136,0
DA:141,0
DA:142,0
DA:143,0
DA:147,0
DA:148,0
DA:149,0
DA:150,0
DA:155,0
DA:156,0
DA:157,0
DA:158,0
DA:162,0
DA:163,0
DA:164,0
DA:165,0
DA:172,0
DA:174,0
DA:175,0
DA:176,0
DA:179,0
DA:180,0
DA:182,0
DA:186,0
DA:188,0
DA:196,0
DA:198,0
DA:199,0
DA:200,0
DA:204,0
DA:208,0
DA:209,0
DA:210,0
DA:215,0
DA:218,0
DA:219,0
DA:220,0
DA:224,0
DA:225,0
DA:226,0
DA:227,0
DA:232,0
DA:233,0
DA:234,0
DA:235,0
DA:239,0
DA:240,0
DA:241,0
DA:242,0
DA:249,0
DA:250,0
DA:252,0
DA:254,0
DA:256,0
DA:257,0
DA:259,0
DA:261,0
DA:263,0
DA:264,0
DA:266,0
DA:269,0
DA:270,0
DA:275,0
DA:276,0
DA:278,0
DA:279,0
DA:280,0
DA:281,0
DA:283,0
DA:284,0
DA:285,0
DA:286,0
DA:299,0
DA:302,0
DA:304,0
DA:307,0
DA:309,0
DA:312,0
DA:314,0
DA:318,0
DA:320,0
DA:322,0
DA:325,0
DA:327,0
DA:328,0
DA:329,0
DA:334,0
DA:335,0
DA:345,0
DA:347,0
DA:349,0
DA:352,0
DA:353,0
DA:354,0
DA:365,0
DA:367,0
DA:370,0
DA:373,0
DA:374,0
DA:376,0
DA:380,0
DA:382,0
DA:386,0
DA:388,0
DA:400,0
DA:401,0
DA:402,0
DA:405,0
DA:408,0
DA:409,0
DA:410,0
DA:415,0
DA:417,0
DA:418,0
DA:419,0
DA:420,0
DA:422,0
DA:425,0
DA:427,0
DA:429,0
DA:430,0
DA:432,0
DA:433,0
DA:435,0
DA:437,0
DA:438,0
DA:441,0
DA:442,0
DA:443,0
DA:452,0
DA:453,0
DA:455,0
DA:456,0
DA:466,0
DA:467,0
DA:468,0
DA:469,0
DA:471,0
DA:478,0
DA:480,0
DA:483,0
DA:485,0
DA:488,0
DA:490,0
DA:497,0
DA:499,0
DA:500,0
DA:501,0
DA:504,0
DA:505,0
DA:506,0
DA:507,0
DA:509,0
DA:514,0
DA:516,0
DA:518,0
DA:520,0
DA:522,0
DA:524,0
DA:525,0
DA:527,0
DA:528,0
DA:532,0
DA:534,0
DA:536,0
DA:539,0
DA:542,0
DA:543,0
DA:545,0
DA:557,0
DA:558,0
DA:560,0
DA:562,0
DA:563,0
DA:565,0
DA:567,0
DA:573,0
DA:574,0
DA:576,0
DA:587,0
DA:588,0
DA:589,0
DA:591,0
DA:592,0
DA:594,0
DA:599,0
DA:600,0
DA:601,0
DA:604,0
DA:605,0
DA:607,0
DA:608,0
DA:611,0
DA:615,0
DA:616,0
DA:620,0
DA:624,0
DA:625,0
DA:626,0
DA:627,0
DA:628,0
DA:629,0
DA:633,0
DA:634,0
DA:635,0
DA:637,0
DA:638,0
DA:640,0
DA:641,0
DA:642,0
DA:645,0
DA:646,0
DA:653,0
DA:656,0
DA:657,0
DA:658,0
DA:662,0
DA:666,0
DA:667,0
DA:668,0
DA:670,0
DA:672,0
DA:676,0
DA:677,0
DA:678,0
DA:683,0
DA:684,0
DA:685,0
DA:689,0
DA:690,0
DA:691,0
DA:692,0
DA:697,0
DA:698,0
DA:699,0
DA:700,0
DA:704,0
DA:705,0
DA:706,0
DA:707,0
DA:714,0
DA:716,0
DA:717,0
DA:718,0
DA:719,0
DA:720,0
DA:723,0
DA:726,0
DA:727,0
DA:729,0
DA:730,0
DA:731,0
DA:732,0
DA:733,0
DA:734,0
DA:737,0
DA:740,0
DA:747,0
DA:748,0
DA:749,0
DA:751,0
DA:752,0
DA:754,0
DA:755,0
DA:756,0
DA:759,0
DA:760,0
DA:767,0
DA:770,0
DA:771,0
DA:772,0
DA:776,0
DA:780,0
DA:781,0
DA:782,0
DA:787,0
DA:790,0
DA:791,0
DA:792,0
DA:796,0
DA:797,0
DA:798,0
DA:799,0
DA:804,0
DA:805,0
DA:806,0
DA:807,0
DA:811,0
DA:812,0
DA:813,0
DA:814,0
DA:820,0
DA:822,0
DA:830,0
DA:831,0
DA:832,0
DA:834,0
DA:836,0
DA:839,0
DA:841,0
DA:842,0
DA:843,0
DA:844,0
DA:845,0
DA:851,0
DA:852,0
DA:853,0
DA:854,0
DA:855,0
DA:858,0
DA:860,0
DA:863,0
DA:866,0
DA:867,0
DA:875,0
DA:876,0
DA:877,0
DA:879,0
DA:882,0
DA:885,0
LF:368
LH:0
end_of_record
SF:lib\screens\booking_panel\booking_panel_controller.dart
DA:35,0
DA:36,0
DA:40,0
DA:41,0
DA:42,0
DA:45,0
DA:46,0
DA:47,0
DA:48,0
DA:49,0
DA:52,0
DA:54,0
DA:57,0
DA:58,0
DA:59,0
DA:65,0
DA:68,0
DA:73,0
DA:76,0
DA:77,0
DA:84,0
DA:87,0
DA:90,0
DA:93,0
DA:94,0
DA:95,0
DA:108,0
DA:111,0
DA:112,0
DA:119,0
DA:122,0
DA:125,0
DA:126,0
DA:127,0
DA:137,0
DA:142,0
DA:143,0
DA:144,0
DA:147,0
DA:148,0
DA:149,0
DA:154,0
DA:156,0
DA:157,0
DA:158,0
DA:162,0
DA:166,0
DA:169,0
DA:170,0
DA:179,0
DA:180,0
DA:181,0
DA:182,0
DA:183,0
DA:186,0
DA:187,0
DA:188,0
DA:189,0
DA:194,0
DA:200,0
DA:205,0
DA:207,0
DA:214,0
DA:219,0
DA:225,0
DA:228,0
DA:229,0
DA:230,0
DA:232,0
DA:233,0
DA:235,0
DA:236,0
DA:237,0
DA:238,0
DA:239,0
DA:242,0
DA:243,0
DA:244,0
DA:245,0
DA:246,0
DA:249,0
DA:250,0
DA:251,0
DA:252,0
DA:253,0
DA:256,0
DA:257,0
DA:258,0
DA:259,0
DA:260,0
DA:266,0
DA:270,0
DA:271,0
DA:272,0
DA:276,0
DA:277,0
DA:278,0
DA:282,0
DA:285,0
DA:286,0
DA:293,0
DA:296,0
DA:299,0
DA:300,0
DA:301,0
DA:311,0
DA:316,0
DA:319,0
DA:320,0
DA:327,0
DA:330,0
DA:333,0
DA:334,0
DA:335,0
DA:345,0
DA:350,0
DA:353,0
DA:354,0
DA:361,0
DA:364,0
DA:367,0
DA:368,0
DA:369,0
DA:379,0
DA:384,0
DA:385,0
DA:386,0
DA:390,0
DA:391,0
DA:394,0
DA:395,0
DA:396,0
DA:407,0
DA:408,0
DA:416,0
DA:419,0
DA:420,0
DA:423,0
DA:425,0
DA:426,0
DA:429,0
DA:430,0
DA:431,0
DA:438,0
DA:443,0
DA:448,0
DA:449,0
DA:450,0
DA:454,0
DA:455,0
DA:458,0
DA:459,0
DA:460,0
DA:471,0
DA:472,0
DA:480,0
DA:483,0
DA:484,0
DA:487,0
DA:489,0
DA:490,0
DA:493,0
DA:494,0
DA:495,0
DA:502,0
DA:507,0
DA:513,0
DA:515,0
DA:518,0
DA:521,0
DA:527,0
DA:531,0
DA:532,0
DA:533,0
DA:537,0
DA:538,0
DA:546,0
DA:549,0
DA:550,0
DA:553,0
DA:555,0
DA:556,0
DA:559,0
DA:560,0
DA:561,0
DA:568,0
DA:573,0
DA:578,0
DA:581,0
DA:582,0
DA:590,0
DA:593,0
DA:595,0
DA:597,0
DA:599,0
DA:601,0
DA:604,0
DA:605,0
DA:606,0
DA:617,0
DA:618,0
DA:619,0
DA:621,0
DA:622,0
DA:623,0
DA:626,0
DA:627,0
DA:628,0
DA:642,0
DA:643,0
DA:644,0
DA:647,0
DA:648,0
DA:649,0
DA:662,0
DA:664,0
DA:668,0
DA:669,0
DA:671,0
DA:672,0
DA:676,0
DA:677,0
DA:678,0
DA:679,0
DA:683,0
DA:684,0
DA:688,0
DA:690,0
DA:691,0
DA:695,0
DA:696,0
DA:697,0
DA:698,0
DA:703,0
DA:706,0
DA:713,0
DA:714,0
DA:718,0
DA:720,0
DA:727,0
DA:729,0
DA:736,0
DA:738,0
DA:745,0
DA:747,0
DA:754,0
DA:755,0
DA:759,0
DA:760,0
DA:761,0
DA:762,0
DA:763,0
DA:764,0
DA:765,0
DA:766,0
DA:767,0
DA:768,0
LF:257
LH:0
end_of_record
SF:lib\screens\booking_panel\widgets\booking_form_adapter.dart
DA:14,0
DA:22,0
DA:24,0
DA:25,0
DA:26,0
DA:27,0
DA:28,0
LF:7
LH:0
end_of_record
SF:lib\screens\booking_panel\booking_detail_screen_adapter.dart
DA:16,0
DA:22,0
DA:24,0
DA:25,0
DA:26,0
LF:5
LH:0
end_of_record
SF:lib\screens\booking_panel\booking_list_controller.dart
DA:28,0
DA:30,0
DA:33,0
DA:37,0
DA:39,0
DA:42,0
DA:46,0
DA:48,0
DA:51,0
DA:54,0
DA:58,0
DA:59,0
DA:61,0
DA:66,0
DA:67,0
DA:68,0
DA:71,0
DA:73,0
DA:76,0
DA:77,0
DA:79,0
DA:80,0
DA:88,0
DA:90,0
DA:91,0
DA:93,0
DA:94,0
DA:95,0
DA:99,0
DA:100,0
DA:101,0
DA:102,0
DA:103,0
DA:104,0
DA:106,0
DA:109,0
DA:110,0
DA:111,0
DA:112,0
DA:116,0
DA:118,0
DA:120,0
DA:121,0
DA:125,0
DA:126,0
DA:127,0
DA:128,0
DA:129,0
DA:130,0
DA:132,0
DA:135,0
DA:138,0
DA:140,0
DA:141,0
DA:142,0
DA:143,0
DA:145,0
DA:146,0
DA:147,0
DA:148,0
DA:149,0
DA:151,0
DA:156,0
DA:158,0
DA:159,0
DA:166,0
DA:167,0
DA:174,0
DA:175,0
DA:182,0
DA:187,0
DA:188,0
DA:189,0
DA:193,0
DA:197,0
DA:199,0
DA:200,0
DA:202,0
DA:203,0
DA:208,0
DA:210,0
DA:213,0
DA:214,0
DA:216,0
DA:217,0
DA:221,0
DA:222,0
DA:225,0
DA:229,0
DA:232,0
DA:237,0
DA:239,0
DA:242,0
DA:243,0
DA:246,0
DA:250,0
DA:253,0
DA:258,0
DA:260,0
DA:263,0
DA:267,0
DA:268,0
DA:272,0
DA:273,0
DA:277,0
DA:278,0
DA:281,0
DA:282,0
DA:286,0
DA:287,0
DA:292,0
DA:296,0
DA:297,0
DA:298,0
DA:299,0
DA:305,0
DA:308,0
DA:312,0
DA:313,0
DA:314,0
DA:318,0
DA:320,0
DA:323,0
DA:326,0
DA:327,0
DA:331,0
DA:335,0
DA:338,0
DA:343,0
DA:345,0
DA:346,0
DA:347,0
DA:350,0
DA:351,0
DA:352,0
DA:353,0
DA:354,0
DA:355,0
DA:372,0
LF:139
LH:0
end_of_record
SF:lib\screens\booking_panel\booking_list_screen.dart
DA:26,0
DA:31,0
DA:32,0
DA:45,0
DA:47,0
DA:50,0
DA:53,0
DA:55,0
DA:56,0
DA:60,0
DA:61,0
DA:62,0
DA:63,0
DA:68,0
DA:69,0
DA:70,0
DA:71,0
DA:76,0
DA:77,0
DA:78,0
DA:79,0
DA:83,0
DA:86,0
DA:87,0
DA:88,0
DA:89,0
DA:92,0
DA:93,0
DA:94,0
DA:99,0
DA:100,0
DA:101,0
DA:104,0
DA:105,0
DA:106,0
DA:107,0
DA:112,0
DA:113,0
DA:114,0
DA:115,0
DA:118,0
DA:119,0
DA:120,0
DA:121,0
DA:128,0
DA:130,0
DA:131,0
DA:132,0
DA:135,0
DA:136,0
DA:137,0
DA:140,0
DA:141,0
DA:148,0
DA:150,0
DA:151,0
DA:152,0
DA:156,0
DA:159,0
DA:160,0
DA:163,0
DA:164,0
DA:165,0
DA:170,0
DA:171,0
DA:172,0
DA:175,0
DA:176,0
DA:177,0
DA:178,0
DA:183,0
DA:184,0
DA:185,0
DA:186,0
DA:189,0
DA:190,0
DA:191,0
DA:192,0
DA:199,0
DA:200,0
DA:201,0
DA:202,0
DA:203,0
DA:205,0
DA:208,0
DA:210,0
DA:211,0
DA:217,0
DA:218,0
DA:219,0
DA:220,0
DA:222,0
DA:223,0
DA:224,0
DA:226,0
DA:227,0
DA:230,0
DA:232,0
DA:234,0
DA:237,0
DA:239,0
DA:240,0
DA:241,0
DA:242,0
DA:243,0
DA:245,0
DA:246,0
DA:247,0
DA:253,0
DA:258,0
DA:260,0
DA:263,0
DA:265,0
DA:266,0
DA:267,0
DA:268,0
DA:269,0
DA:271,0
DA:272,0
DA:273,0
DA:279,0
DA:284,0
DA:286,0
DA:287,0
DA:288,0
DA:289,0
DA:290,0
DA:296,0
DA:298,0
DA:299,0
DA:300,0
DA:301,0
DA:302,0
DA:313,0
DA:314,0
DA:315,0
DA:324,0
DA:325,0
DA:327,0
DA:328,0
DA:329,0
DA:331,0
DA:339,0
DA:340,0
DA:341,0
DA:344,0
DA:345,0
DA:346,0
DA:347,0
DA:349,0
DA:350,0
DA:353,0
DA:358,0
DA:370,0
DA:374,0
DA:375,0
DA:376,0
DA:377,0
DA:379,0
DA:380,0
DA:381,0
DA:382,0
DA:386,0
DA:388,0
DA:390,0
DA:391,0
DA:392,0
DA:394,0
DA:395,0
DA:396,0
DA:398,0
DA:399,0
DA:401,0
DA:402,0
DA:409,0
DA:410,0
DA:411,0
DA:419,0
DA:420,0
DA:421,0
DA:430,0
DA:431,0
DA:434,0
DA:435,0
DA:436,0
DA:438,0
DA:439,0
DA:440,0
DA:441,0
DA:444,0
DA:445,0
DA:452,0
DA:454,0
DA:456,0
DA:458,0
DA:459,0
DA:460,0
DA:463,0
DA:464,0
DA:471,0
DA:473,0
DA:479,0
DA:480,0
DA:481,0
DA:483,0
DA:485,0
DA:488,0
DA:490,0
DA:491,0
DA:492,0
DA:493,0
DA:494,0
DA:500,0
DA:501,0
DA:503,0
DA:505,0
DA:506,0
DA:508,0
DA:509,0
DA:510,0
DA:512,0
DA:518,0
DA:519,0
DA:520,0
DA:523,0
DA:524,0
DA:525,0
DA:526,0
DA:528,0
DA:533,0
DA:535,0
DA:537,0
DA:538,0
DA:539,0
DA:540,0
DA:541,0
DA:546,0
DA:549,0
DA:551,0
DA:554,0
DA:563,0
DA:564,0
DA:566,0
DA:569,0
DA:573,0
DA:576,0
DA:580,0
DA:583,0
DA:589,0
DA:592,0
DA:604,0
DA:605,0
DA:606,0
DA:607,0
DA:608,0
DA:609,0
DA:612,0
DA:614,0
DA:616,0
DA:617,0
DA:618,0
DA:624,0
DA:625,0
DA:633,0
DA:634,0
DA:635,0
DA:636,0
DA:637,0
DA:638,0
DA:639,0
DA:641,0
DA:642,0
DA:643,0
DA:644,0
DA:646,0
DA:648,0
DA:650,0
DA:651,0
DA:654,0
DA:655,0
DA:656,0
DA:658,0
DA:660,0
DA:661,0
DA:671,0
DA:672,0
DA:673,0
DA:675,0
DA:677,0
DA:679,0
DA:680,0
DA:681,0
DA:682,0
DA:683,0
DA:684,0
DA:685,0
DA:689,0
DA:690,0
LF:298
LH:0
end_of_record
SF:lib\screens\booking_panel\widgets\booking_filter_bar.dart
DA:14,0
DA:20,0
DA:21,0
DA:28,0
DA:30,0
DA:31,0
DA:34,0
DA:37,0
DA:39,0
DA:40,0
DA:41,0
DA:45,0
DA:46,0
DA:47,0
DA:48,0
DA:49,0
DA:51,0
DA:56,0
DA:57,0
DA:58,0
DA:63,0
DA:64,0
DA:65,0
DA:67,0
DA:68,0
DA:72,0
DA:73,0
DA:74,0
DA:75,0
DA:76,0
DA:79,0
DA:80,0
DA:82,0
DA:83,0
DA:84,0
DA:85,0
DA:86,0
DA:100,0
DA:101,0
DA:103,0
DA:108,0
DA:109,0
DA:111,0
DA:112,0
DA:113,0
DA:115,0
DA:117,0
DA:119,0
DA:120,0
DA:121,0
DA:122,0
DA:124,0
DA:125,0
DA:127,0
DA:128,0
DA:132,0
DA:133,0
DA:137,0
DA:138,0
DA:142,0
DA:148,0
DA:149,0
DA:150,0
DA:159,0
DA:160,0
DA:162,0
DA:163,0
DA:164,0
DA:166,0
DA:168,0
DA:170,0
DA:171,0
DA:172,0
DA:173,0
DA:175,0
DA:176,0
DA:178,0
DA:179,0
DA:183,0
DA:184,0
DA:188,0
DA:189,0
DA:193,0
DA:199,0
DA:200,0
DA:201,0
DA:210,0
DA:211,0
DA:213,0
DA:214,0
DA:215,0
DA:217,0
DA:219,0
DA:221,0
DA:222,0
DA:223,0
DA:224,0
DA:226,0
DA:227,0
DA:228,0
DA:230,0
DA:231,0
DA:235,0
DA:236,0
DA:240,0
DA:241,0
DA:245,0
DA:251,0
DA:252,0
DA:253,0
DA:262,0
DA:263,0
DA:267,0
DA:268,0
DA:302,0
DA:303,0
DA:306,0
DA:310,0
DA:311,0
DA:313,0
DA:314,0
DA:317,0
DA:320,0
DA:322,0
DA:323,0
DA:324,0
DA:325,0
DA:327,0
DA:329,0
DA:331,0
DA:332,0
DA:334,0
DA:335,0
DA:336,0
DA:337,0
DA:340,0
DA:341,0
DA:343,0
DA:344,0
DA:359,0
DA:360,0
DA:366,0
DA:371,0
DA:374,0
DA:375,0
DA:376,0
DA:378,0
DA:379,0
DA:380,0
DA:381,0
DA:385,0
DA:390,0
DA:394,0
DA:400,0
DA:402,0
DA:404,0
DA:406,0
DA:408,0
DA:410,0
DA:412,0
DA:413,0
DA:415,0
DA:418,0
DA:421,0
DA:428,0
DA:431,0
DA:433,0
DA:434,0
DA:435,0
DA:436,0
DA:437,0
DA:439,0
DA:440,0
DA:445,0
DA:446,0
DA:447,0
DA:448,0
DA:451,0
DA:452,0
DA:457,0
DA:458,0
DA:459,0
DA:460,0
DA:463,0
DA:464,0
DA:469,0
DA:470,0
DA:471,0
DA:472,0
DA:475,0
DA:476,0
DA:481,0
DA:483,0
DA:484,0
DA:489,0
DA:491,0
DA:492,0
DA:497,0
DA:498,0
DA:501,0
DA:512,0
DA:514,0
DA:516,0
DA:517,0
DA:518,0
DA:520,0
DA:525,0
DA:526,0
DA:527,0
DA:528,0
DA:529,0
DA:531,0
DA:532,0
DA:533,0
DA:535,0
DA:540,0
DA:541,0
DA:542,0
DA:543,0
DA:544,0
DA:546,0
DA:547,0
DA:548,0
DA:550,0
DA:555,0
DA:556,0
DA:557,0
DA:558,0
DA:559,0
DA:561,0
DA:562,0
DA:563,0
DA:565,0
DA:570,0
DA:571,0
DA:572,0
DA:573,0
DA:574,0
DA:576,0
DA:577,0
DA:578,0
DA:580,0
DA:585,0
DA:586,0
DA:588,0
DA:590,0
DA:592,0
DA:596,0
DA:597,0
DA:601,0
DA:602,0
DA:603,0
DA:605,0
DA:611,0
DA:614,0
DA:615,0
LF:256
LH:0
end_of_record
SF:lib\screens\booking_panel\widgets\booking_form.dart
DA:20,0
DA:28,0
DA:29,0
DA:49,0
DA:51,0
DA:54,0
DA:56,0
DA:57,0
DA:58,0
DA:59,0
DA:60,0
DA:61,0
DA:62,0
DA:63,0
DA:64,0
DA:65,0
DA:68,0
DA:69,0
DA:70,0
DA:72,0
DA:73,0
DA:74,0
DA:76,0
DA:77,0
DA:78,0
DA:80,0
DA:81,0
DA:82,0
DA:86,0
DA:88,0
DA:89,0
DA:93,0
DA:94,0
DA:95,0
DA:96,0
DA:97,0
DA:98,0
DA:99,0
DA:104,0
DA:105,0
DA:107,0
DA:108,0
DA:109,0
DA:112,0
DA:113,0
DA:114,0
DA:116,0
DA:117,0
DA:118,0
DA:119,0
DA:120,0
DA:124,0
DA:129,0
DA:130,0
DA:131,0
DA:133,0
DA:134,0
DA:137,0
DA:141,0
DA:143,0
DA:145,0
DA:146,0
DA:149,0
DA:156,0
DA:157,0
DA:159,0
DA:160,0
DA:165,0
DA:167,0
DA:170,0
DA:171,0
DA:172,0
DA:173,0
DA:174,0
DA:177,0
DA:183,0
DA:185,0
DA:186,0
DA:187,0
DA:189,0
DA:191,0
DA:195,0
DA:196,0
DA:197,0
DA:198,0
DA:199,0
DA:201,0
DA:202,0
DA:203,0
DA:204,0
DA:207,0
DA:217,0
DA:218,0
DA:226,0
DA:227,0
DA:229,0
DA:230,0
DA:232,0
DA:233,0
DA:235,0
DA:238,0
DA:239,0
DA:240,0
DA:248,0
DA:249,0
DA:250,0
DA:255,0
DA:256,0
DA:257,0
DA:265,0
DA:266,0
DA:267,0
DA:277,0
DA:278,0
DA:280,0
DA:281,0
DA:283,0
DA:286,0
DA:287,0
DA:288,0
DA:296,0
DA:297,0
DA:298,0
DA:303,0
DA:304,0
DA:305,0
DA:313,0
DA:314,0
DA:315,0
DA:327,0
DA:329,0
DA:332,0
DA:333,0
DA:334,0
DA:335,0
DA:339,0
DA:340,0
DA:343,0
DA:345,0
DA:349,0
DA:350,0
DA:355,0
DA:356,0
DA:357,0
DA:358,0
DA:359,0
DA:360,0
DA:362,0
DA:368,0
DA:369,0
DA:370,0
DA:379,0
DA:381,0
DA:384,0
DA:386,0
DA:387,0
DA:388,0
DA:390,0
DA:391,0
DA:392,0
DA:393,0
DA:394,0
DA:396,0
DA:397,0
DA:398,0
DA:400,0
DA:401,0
DA:403,0
DA:405,0
DA:406,0
DA:417,0
DA:418,0
DA:420,0
DA:423,0
DA:425,0
DA:426,0
DA:427,0
DA:429,0
DA:430,0
DA:431,0
DA:432,0
DA:433,0
DA:434,0
DA:436,0
DA:437,0
DA:438,0
DA:442,0
DA:447,0
DA:448,0
DA:449,0
DA:450,0
DA:454,0
DA:455,0
DA:457,0
DA:459,0
DA:472,0
DA:474,0
DA:475,0
DA:477,0
DA:481,0
DA:482,0
DA:483,0
LF:202
LH:0
end_of_record
SF:lib\screens\booking_panel\widgets\booking_list_header.dart
DA:15,0
DA:23,0
DA:25,0
DA:30,0
DA:31,0
DA:32,0
DA:37,0
DA:38,0
DA:40,0
DA:41,0
DA:47,0
DA:48,0
DA:49,0
DA:50,0
DA:57,0
DA:62,0
DA:64,0
DA:66,0
DA:67,0
DA:68,0
DA:75,0
DA:77,0
DA:80,0
LF:23
LH:0
end_of_record
SF:lib\screens\booking_panel\widgets\booking_list_item.dart
DA:24,0
DA:37,0
DA:40,0
DA:43,0
DA:44,0
DA:46,0
DA:47,0
DA:48,0
DA:49,0
DA:52,0
DA:53,0
DA:54,0
DA:72,0
DA:73,0
DA:77,0
DA:78,0
DA:84,0
DA:87,0
DA:92,0
DA:93,0
DA:94,0
DA:100,0
DA:106,0
DA:107,0
DA:109,0
DA:113,0
DA:115,0
DA:118,0
DA:119,0
DA:120,0
DA:123,0
DA:124,0
DA:132,0
DA:133,0
DA:134,0
DA:137,0
DA:138,0
DA:139,0
DA:140,0
DA:142,0
DA:143,0
DA:144,0
DA:145,0
DA:146,0
DA:152,0
DA:154,0
DA:156,0
DA:158,0
DA:159,0
DA:160,0
DA:161,0
DA:163,0
DA:169,0
DA:170,0
DA:172,0
DA:174,0
DA:175,0
DA:176,0
DA:180,0
DA:181,0
DA:182,0
DA:183,0
DA:191,0
DA:205,0
DA:206,0
DA:207,0
DA:213,0
DA:214,0
DA:215,0
DA:217,0
DA:218,0
DA:223,0
DA:228,0
DA:230,0
DA:232,0
DA:234,0
DA:241,0
DA:243,0
DA:254,0
DA:258,0
DA:259,0
DA:260,0
DA:261,0
DA:267,0
DA:268,0
DA:269,0
DA:270,0
DA:271,0
DA:272,0
DA:273,0
DA:279,0
DA:280,0
DA:283,0
DA:284,0
DA:286,0
DA:292,0
DA:293,0
DA:294,0
DA:300,0
DA:306,0
DA:307,0
DA:308,0
DA:314,0
DA:318,0
DA:320,0
DA:321,0
DA:326,0
DA:329,0
DA:334,0
DA:350,0
DA:351,0
DA:352,0
DA:354,0
DA:355,0
DA:357,0
LF:115
LH:0
end_of_record
SF:lib\screens\booking_panel\booking_list_screen_adapter.dart
DA:12,0
DA:17,0
DA:19,0
DA:20,0
LF:4
LH:0
end_of_record
SF:lib\utils\date_utils.dart
DA:8,0
DA:9,0
DA:12,0
DA:17,0
DA:22,0
DA:23,0
DA:25,0
DA:30,0
DA:31,0
DA:36,0
DA:37,0
DA:48,0
DA:49,0
DA:50,0
DA:52,0
DA:53,0
DA:55,0
LF:17
LH:0
end_of_record
SF:lib\screens\booking_panel\widgets\calendar_view_fixed.dart
DA:20,0
DA:28,0
DA:29,0
DA:39,0
DA:41,0
DA:42,0
DA:43,0
DA:44,0
DA:45,0
DA:48,0
DA:49,0
DA:53,0
DA:56,0
DA:58,0
DA:59,0
DA:63,0
DA:64,0
DA:65,0
DA:69,0
DA:70,0
DA:74,0
DA:76,0
DA:78,0
DA:79,0
DA:84,0
DA:86,0
DA:87,0
DA:88,0
DA:89,0
DA:90,0
DA:91,0
DA:92,0
DA:94,0
DA:97,0
DA:98,0
DA:99,0
DA:100,0
DA:103,0
DA:104,0
DA:105,0
DA:106,0
DA:107,0
DA:111,0
DA:114,0
DA:116,0
DA:117,0
DA:118,0
DA:120,0
DA:122,0
DA:123,0
DA:125,0
DA:143,0
DA:144,0
DA:145,0
DA:146,0
DA:152,0
DA:155,0
DA:156,0
DA:157,0
DA:158,0
DA:159,0
DA:169,0
DA:170,0
DA:171,0
DA:172,0
DA:173,0
DA:174,0
DA:175,0
DA:177,0
DA:180,0
DA:181,0
DA:182,0
DA:185,0
DA:188,0
DA:203,0
DA:206,0
DA:216,0
DA:217,0
DA:218,0
DA:221,0
DA:222,0
DA:223,0
DA:224,0
DA:225,0
DA:227,0
DA:229,0
DA:230,0
DA:233,0
DA:235,0
DA:236,0
DA:237,0
DA:239,0
DA:241,0
DA:247,0
DA:249,0
DA:251,0
DA:253,0
DA:254,0
DA:255,0
DA:257,0
DA:260,0
DA:261,0
DA:262,0
DA:263,0
DA:276,0
DA:278,0
DA:279,0
DA:280,0
DA:281,0
DA:282,0
DA:283,0
DA:285,0
DA:292,0
DA:293,0
DA:294,0
DA:297,0
DA:300,0
DA:307,0
DA:309,0
DA:310,0
DA:311,0
DA:312,0
DA:313,0
DA:315,0
DA:318,0
DA:319,0
DA:320,0
LF:127
LH:0
end_of_record
SF:lib\screens\booking_panel\widgets\booking_details_modal.dart
DA:19,0
DA:29,0
DA:32,0
DA:33,0
DA:35,0
DA:36,0
DA:37,0
DA:38,0
DA:41,0
DA:42,0
DA:43,0
DA:60,0
DA:61,0
DA:62,0
DA:64,0
DA:67,0
DA:70,0
DA:72,0
DA:73,0
DA:74,0
DA:75,0
DA:76,0
DA:77,0
DA:80,0
DA:85,0
DA:86,0
DA:87,0
DA:89,0
DA:91,0
DA:101,0
DA:102,0
DA:109,0
DA:110,0
DA:112,0
DA:113,0
DA:120,0
DA:121,0
DA:122,0
DA:129,0
DA:130,0
DA:131,0
DA:132,0
DA:133,0
DA:134,0
DA:142,0
DA:143,0
DA:145,0
DA:148,0
DA:150,0
DA:151,0
DA:152,0
DA:154,0
DA:156,0
DA:157,0
DA:158,0
DA:159,0
DA:161,0
DA:162,0
DA:163,0
DA:167,0
DA:168,0
DA:169,0
DA:171,0
DA:172,0
DA:173,0
DA:184,0
DA:186,0
DA:187,0
DA:189,0
DA:194,0
DA:199,0
DA:200,0
DA:201,0
DA:205,0
DA:210,0
DA:211,0
DA:212,0
LF:77
LH:0
end_of_record
SF:lib\screens\booking_panel\widgets\calendar_booking_item.dart
DA:20,0
DA:29,0
DA:32,0
DA:33,0
DA:34,0
DA:37,0
DA:38,0
DA:39,0
DA:40,0
DA:41,0
DA:61,0
DA:62,0
DA:66,0
DA:68,0
DA:70,0
DA:71,0
DA:73,0
DA:75,0
DA:76,0
DA:78,0
DA:82,0
DA:84,0
DA:91,0
DA:92,0
DA:94,0
DA:95,0
DA:96,0
DA:97,0
DA:101,0
DA:102,0
DA:104,0
DA:107,0
DA:109,0
DA:110,0
DA:117,0
DA:119,0
DA:120,0
DA:121,0
DA:122,0
DA:123,0
DA:128,0
DA:130,0
DA:131,0
DA:132,0
DA:138,0
DA:140,0
DA:146,0
DA:147,0
DA:148,0
DA:154,0
DA:155,0
DA:156,0
DA:167,0
DA:176,0
DA:177,0
DA:179,0
DA:181,0
DA:184,0
DA:185,0
DA:188,0
DA:190,0
DA:191,0
DA:192,0
DA:193,0
DA:194,0
DA:200,0
DA:201,0
DA:203,0
DA:206,0
DA:208,0
DA:214,0
DA:217,0
DA:218,0
DA:220,0
DA:225,0
DA:227,0
DA:236,0
DA:237,0
DA:238,0
DA:239,0
DA:247,0
DA:257,0
DA:259,0
DA:260,0
DA:261,0
DA:262,0
DA:263,0
DA:269,0
DA:270,0
DA:272,0
LF:90
LH:0
end_of_record
SF:lib\screens\booking_panel\widgets\calendar_view_adapter.dart
DA:13,0
DA:18,0
DA:19,0
DA:20,0
DA:24,0
DA:25,0
DA:26,0
DA:30,0
DA:31,0
DA:32,0
DA:36,0
DA:37,0
DA:38,0
DA:42,0
DA:43,0
DA:44,0
DA:48,0
DA:49,0
DA:50,0
DA:54,0
DA:60,0
DA:61,0
DA:62,0
DA:64,0
DA:65,0
DA:67,0
DA:69,0
LF:27
LH:0
end_of_record
SF:lib\screens\calendar\calendar_controller.dart
DA:34,0
DA:35,0
DA:39,0
DA:40,0
DA:41,0
DA:44,0
DA:45,0
DA:46,0
DA:47,0
DA:48,0
DA:51,0
DA:54,0
DA:55,0
DA:56,0
DA:63,0
DA:66,0
DA:71,0
DA:74,0
DA:75,0
DA:82,0
DA:85,0
DA:88,0
DA:89,0
DA:90,0
DA:103,0
DA:106,0
DA:107,0
DA:114,0
DA:117,0
DA:120,0
DA:121,0
DA:122,0
DA:135,0
DA:138,0
DA:139,0
DA:146,0
DA:149,0
DA:152,0
DA:153,0
DA:154,0
DA:167,0
DA:170,0
DA:171,0
DA:178,0
DA:181,0
DA:184,0
DA:185,0
DA:186,0
DA:199,0
DA:200,0
DA:203,0
DA:204,0
DA:205,0
DA:206,0
DA:210,0
DA:211,0
DA:213,0
DA:214,0
DA:217,0
DA:221,0
DA:222,0
DA:223,0
DA:224,0
DA:228,0
DA:229,0
DA:230,0
DA:231,0
DA:234,0
DA:235,0
DA:236,0
DA:237,0
DA:244,0
DA:245,0
DA:246,0
DA:247,0
DA:248,0
DA:249,0
DA:253,0
DA:254,0
DA:255,0
DA:256,0
DA:258,0
DA:260,0
DA:261,0
DA:262,0
DA:263,0
DA:264,0
DA:268,0
DA:269,0
DA:271,0
DA:273,0
DA:274,0
DA:275,0
DA:276,0
DA:277,0
DA:281,0
DA:282,0
DA:286,0
DA:287,0
DA:290,0
DA:291,0
DA:298,0
DA:304,0
DA:306,0
DA:313,0
DA:315,0
DA:322,0
DA:324,0
DA:331,0
DA:332,0
DA:333,0
DA:334,0
DA:335,0
DA:336,0
DA:337,0
DA:338,0
DA:339,0
DA:340,0
DA:341,0
DA:342,0
LF:120
LH:0
end_of_record
SF:lib\screens\calendar\widgets\calendar_filter_panel.dart
DA:15,0
DA:19,0
DA:21,0
DA:23,0
DA:25,0
DA:27,0
DA:28,0
DA:29,0
DA:35,0
DA:37,0
DA:39,0
DA:40,0
DA:41,0
DA:43,0
DA:48,0
DA:53,0
DA:60,0
DA:63,0
DA:65,0
DA:67,0
DA:71,0
DA:73,0
DA:77,0
DA:79,0
DA:83,0
DA:85,0
DA:88,0
DA:90,0
DA:100,0
DA:101,0
DA:102,0
DA:103,0
DA:104,0
DA:105,0
DA:106,0
DA:107,0
DA:108,0
DA:110,0
DA:111,0
DA:112,0
DA:114,0
DA:115,0
DA:116,0
DA:118,0
DA:119,0
DA:120,0
DA:130,0
DA:132,0
DA:137,0
DA:138,0
DA:139,0
DA:140,0
DA:144,0
DA:145,0
DA:155,0
DA:156,0
DA:157,0
DA:158,0
DA:159,0
DA:160,0
DA:161,0
DA:162,0
DA:163,0
DA:165,0
DA:166,0
DA:167,0
DA:169,0
DA:170,0
DA:171,0
DA:173,0
DA:174,0
DA:175,0
DA:185,0
DA:187,0
DA:192,0
DA:193,0
DA:194,0
DA:195,0
DA:199,0
DA:200,0
DA:210,0
DA:211,0
DA:212,0
DA:213,0
DA:214,0
DA:215,0
DA:216,0
DA:217,0
DA:218,0
DA:220,0
DA:221,0
DA:222,0
DA:224,0
DA:225,0
DA:226,0
DA:228,0
DA:229,0
DA:230,0
DA:241,0
DA:244,0
DA:249,0
DA:250,0
DA:251,0
DA:252,0
DA:253,0
DA:260,0
DA:261,0
DA:271,0
DA:272,0
DA:273,0
DA:274,0
DA:275,0
DA:279,0
DA:280,0
DA:288,0
DA:289,0
DA:290,0
DA:291,0
DA:292,0
DA:296,0
DA:298,0
DA:299,0
DA:300,0
DA:301,0
LF:124
LH:0
end_of_record
SF:lib\screens\calendar\widgets\calendar_booking_list.dart
DA:20,0
DA:29,0
DA:31,0
DA:32,0
DA:33,0
DA:34,0
DA:35,0
DA:39,0
DA:40,0
DA:42,0
DA:44,0
DA:45,0
DA:46,0
DA:47,0
DA:55,0
DA:56,0
DA:57,0
DA:58,0
DA:60,0
DA:63,0
DA:65,0
DA:75,0
DA:77,0
DA:80,0
DA:81,0
DA:84,0
DA:85,0
DA:86,0
DA:104,0
DA:105,0
DA:106,0
DA:107,0
DA:110,0
DA:112,0
DA:113,0
DA:114,0
DA:116,0
DA:118,0
DA:119,0
DA:120,0
DA:121,0
DA:122,0
DA:123,0
DA:127,0
DA:132,0
DA:133,0
DA:134,0
DA:136,0
DA:138,0
DA:148,0
DA:149,0
DA:156,0
DA:157,0
DA:158,0
DA:167,0
DA:168,0
DA:175,0
DA:177,0
DA:186,0
DA:187,0
DA:194,0
DA:195,0
DA:196,0
LF:63
LH:0
end_of_record
SF:lib\screens\dashboard\widgets\top_bar_summary_widget.dart
DA:16,0
DA:21,0
DA:23,0
DA:32,0
DA:36,0
DA:38,0
DA:39,0
DA:40,0
DA:41,0
DA:43,0
DA:51,0
DA:52,0
DA:53,0
DA:54,0
DA:56,0
DA:64,0
DA:65,0
DA:66,0
DA:67,0
DA:69,0
DA:77,0
DA:78,0
DA:79,0
DA:80,0
DA:89,0
DA:95,0
DA:97,0
DA:99,0
DA:102,0
DA:103,0
DA:104,0
DA:105,0
DA:114,0
DA:115,0
DA:117,0
DA:126,0
DA:129,0
DA:130,0
DA:131,0
DA:133,0
DA:141,0
DA:142,0
DA:144,0
DA:159,0
DA:160,0
DA:162,0
DA:164,0
DA:166,0
DA:169,0
DA:170,0
DA:171,0
DA:181,0
DA:182,0
DA:184,0
DA:193,0
DA:201,0
DA:202,0
DA:203,0
DA:214,0
DA:215,0
DA:216,0
DA:218,0
DA:222,0
DA:224,0
DA:225,0
DA:226,0
DA:227,0
LF:67
LH:0
end_of_record
SF:lib\screens\dashboard\widgets\quick_actions_panel.dart
DA:19,0
DA:30,0
DA:32,0
DA:34,0
DA:35,0
DA:37,0
DA:38,0
DA:39,0
DA:40,0
DA:42,0
DA:43,0
DA:44,0
DA:53,0
DA:55,0
DA:64,0
DA:65,0
DA:75,0
DA:76,0
DA:86,0
DA:87,0
DA:97,0
DA:98,0
DA:108,0
DA:109,0
DA:116,0
DA:120,0
DA:121,0
DA:129,0
DA:133,0
DA:134,0
LF:30
LH:0
end_of_record
SF:lib\screens\dashboard\widgets\today_booking_widget.dart
DA:22,0
DA:27,0
DA:29,0
DA:31,0
DA:33,0
DA:34,0
DA:36,0
DA:37,0
DA:38,0
DA:39,0
DA:41,0
DA:42,0
DA:43,0
DA:52,0
DA:54,0
DA:60,0
DA:62,0
DA:64,0
DA:76,0
DA:77,0
DA:78,0
DA:79,0
DA:80,0
DA:86,0
DA:87,0
DA:88,0
DA:90,0
DA:95,0
DA:97,0
DA:98,0
DA:99,0
DA:101,0
DA:106,0
DA:107,0
DA:118,0
DA:119,0
DA:123,0
DA:125,0
DA:126,0
DA:127,0
DA:131,0
DA:132,0
DA:135,0
DA:136,0
DA:137,0
DA:138,0
DA:139,0
DA:141,0
DA:146,0
DA:149,0
DA:150,0
DA:154,0
DA:155,0
DA:156,0
DA:160,0
DA:162,0
DA:164,0
DA:165,0
DA:167,0
DA:168,0
DA:178,0
DA:179,0
DA:181,0
DA:183,0
DA:184,0
DA:185,0
DA:193,0
DA:194,0
DA:201,0
DA:202,0
DA:203,0
DA:211,0
DA:214,0
DA:215,0
DA:222,0
DA:223,0
DA:224,0
DA:235,0
DA:236,0
DA:237,0
DA:249,0
DA:251,0
DA:252,0
DA:254,0
DA:255,0
DA:257,0
DA:259,0
DA:265,0
DA:267,0
DA:273,0
DA:274,0
DA:276,0
DA:278,0
DA:289,0
DA:290,0
[...]
DA:420,0
DA:422,0
DA:424,0
DA:425,0
DA:427,0
DA:428,0
DA:429,0
DA:430,0
DA:433,0
DA:434,0
DA:436,0
DA:447,0
DA:448,0
DA:450,0
DA:451,0
DA:452,0
DA:453,0
DA:455,0
DA:457,0
DA:459,0
DA:461,0
DA:463,0
DA:464,0
DA:465,0
DA:468,0
DA:469,0
DA:470,0
DA:474,0
DA:476,0
DA:478,0
DA:480,0
DA:481,0
DA:482,0
DA:491,0
DA:492,0
DA:493,0
DA:499,0
DA:500,0
DA:501,0
DA:502,0
DA:506,0
DA:507,0
DA:508,0
DA:509,0
DA:519,0
DA:521,0
DA:522,0
DA:527,0
DA:529,0
DA:546,0
DA:547,0
DA:548,0
DA:549,0
DA:553,0
DA:554,0
DA:555,0
DA:556,0
DA:560,0
DA:562,0
DA:569,0
DA:570,0
DA:571,0
DA:572,0
DA:576,0
DA:577,0
DA:578,0
DA:579,0
DA:580,0
DA:584,0
DA:585,0
DA:586,0
DA:588,0
DA:589,0
DA:591,0
DA:596,0
DA:598,0
DA:599,0
DA:600,0
DA:604,0
DA:605,0
DA:606,0
DA:607,0
DA:608,0
DA:609,0
DA:610,0
DA:611,0
DA:613,0
DA:614,0
DA:615,0
DA:616,0
DA:617,0
DA:618,0
DA:620,0
DA:624,0
DA:626,0
DA:634,0
DA:636,0
DA:638,0
DA:639,0
LF:274
LH:0
end_of_record
SF:lib\services\banner_service.dart
DA:9,3
DA:18,0
DA:25,0
DA:26,0
DA:29,0
DA:43,0
DA:50,0
DA:51,0
DA:54,0
DA:66,0
DA:71,0
DA:72,0
DA:74,0
DA:81,0
DA:82,0
DA:88,1
DA:89,1
DA:90,1
DA:106,1
DA:111,1
DA:112,1
DA:122,0
DA:123,0
DA:124,0
DA:129,0
DA:130,0
DA:131,0
DA:135,1
DA:137,1
DA:138,2
DA:140,1
DA:142,0
DA:146,0
LF:33
LH:11
end_of_record
SF:lib\widgets\blkwds_error_banner.dart
DA:48,0
DA:62,0
DA:69,0
DA:76,0
DA:83,0
DA:90,0
DA:97,0
DA:104,0
DA:111,0
DA:118,0
DA:124,0
DA:126,0
DA:129,0
DA:130,0
DA:131,0
DA:133,0
DA:135,0
DA:137,0
DA:138,0
DA:139,0
DA:145,0
DA:146,0
DA:147,0
DA:148,0
DA:149,0
DA:156,0
DA:158,0
DA:160,0
DA:161,0
DA:162,0
DA:163,0
DA:164,0
DA:169,0
DA:170,0
DA:179,0
DA:180,0
DA:181,0
DA:182,0
DA:184,0
DA:186,0
LF:40
LH:0
end_of_record
SF:lib\utils\data_generator.dart
DA:7,0
DA:10,0
DA:11,0
DA:15,0
DA:16,0
DA:20,0
DA:21,0
DA:25,0
DA:26,0
DA:27,0
DA:31,0
DA:32,0
DA:33,0
DA:34,0
DA:35,0
DA:36,0
DA:37,0
DA:42,0
DA:43,0
DA:47,0
DA:48,0
DA:49,0
DA:50,0
DA:54,0
DA:55,0
DA:62,0
DA:69,0
DA:73,0
DA:74,0
DA:81,0
DA:85,0
DA:86,0
DA:92,0
DA:98,0
DA:102,0
DA:103,0
DA:108,0
DA:112,0
DA:113,0
DA:119,0
DA:125,0
DA:129,0
DA:130,0
DA:136,0
DA:142,0
DA:146,0
DA:147,0
DA:153,0
DA:158,0
DA:162,0
DA:163,0
DA:170,0
DA:174,0
DA:175,0
DA:176,0
DA:177,0
DA:183,0
DA:184,0
DA:185,0
DA:186,0
DA:188,0
DA:189,0
DA:190,0
DA:191,0
DA:194,0
DA:195,0
DA:200,0
DA:201,0
DA:202,0
DA:203,0
DA:204,0
DA:205,0
DA:206,0
DA:207,0
DA:212,0
DA:220,0
DA:221,0
DA:223,0
DA:226,0
DA:230,0
DA:231,0
DA:233,0
DA:234,0
DA:235,0
DA:237,0
DA:238,0
DA:239,0
DA:240,0
DA:241,0
DA:246,0
DA:247,0
DA:248,0
DA:249,0
DA:250,0
DA:253,0
DA:254,0
DA:257,0
DA:260,0
DA:265,0
DA:271,0
DA:272,0
DA:274,0
DA:277,0
DA:281,0
DA:283,0
DA:284,0
DA:285,0
DA:286,0
DA:287,0
DA:288,0
DA:292,0
DA:297,0
DA:302,0
DA:303,0
DA:305,0
DA:308,0
DA:312,0
DA:313,0
DA:314,0
DA:315,0
DA:316,0
DA:322,0
DA:323,0
DA:332,0
DA:333,0
DA:334,0
DA:335,0
DA:336,0
DA:337,0
DA:338,0
DA:340,0
DA:345,0
DA:346,0
DA:347,0
LF:134
LH:0
end_of_record
SF:lib\services\error_analytics_service.dart
DA:22,0
DA:25,0
DA:28,0
DA:36,0
DA:41,0
DA:46,0
DA:48,0
DA:59,0
DA:68,0
DA:73,0
DA:76,0
DA:77,0
DA:79,0
DA:80,0
DA:87,0
DA:90,0
DA:93,0
DA:96,0
DA:98,0
DA:105,0
DA:106,0
DA:112,0
DA:113,0
DA:120,0
DA:121,0
DA:129,0
DA:130,0
DA:131,0
DA:132,0
DA:133,0
DA:141,0
DA:142,0
DA:143,0
DA:144,0
DA:145,0
DA:152,0
DA:153,0
DA:154,0
DA:156,0
DA:157,0
DA:158,0
DA:167,0
DA:168,0
DA:174,0
DA:175,0
DA:176,0
DA:177,0
DA:180,0
DA:182,0
DA:188,0
DA:190,0
DA:193,0
DA:194,0
DA:202,0
DA:204,0
DA:207,0
DA:213,0
DA:215,0
DA:218,0
DA:220,0
DA:223,0
DA:226,0
DA:227,0
DA:228,0
DA:231,0
DA:232,0
DA:233,0
DA:234,0
DA:237,0
DA:240,0
DA:247,0
DA:249,0
DA:252,0
DA:253,0
DA:254,0
DA:255,0
DA:258,0
DA:260,0
DA:262,0
DA:269,0
DA:270,0
DA:271,0
DA:278,0
DA:279,0
DA:280,0
DA:281,0
DA:283,0
DA:285,0
DA:287,0
DA:289,0
DA:290,0
DA:292,0
DA:294,0
DA:296,0
DA:298,0
DA:300,0
DA:302,0
DA:304,0
DA:306,0
DA:318,0
DA:319,0
DA:320,0
DA:321,0
DA:322,0
DA:324,0
DA:334,0
DA:340,0
DA:341,0
DA:342,0
DA:343,0
DA:344,0
DA:346,0
DA:347,0
DA:348,0
DA:349,0
DA:405,0
DA:419,0
DA:420,0
DA:421,0
DA:422,0
DA:423,0
DA:424,0
DA:426,0
DA:427,0
DA:428,0
DA:429,0
DA:430,0
DA:431,0
DA:439,0
DA:440,0
DA:441,0
DA:442,0
DA:443,0
DA:444,0
DA:445,0
DA:446,0
DA:447,0
LF:137
LH:0
end_of_record
SF:lib\services\export_service.dart
DA:11,0
DA:14,0
DA:17,0
DA:27,0
DA:28,0
DA:29,0
DA:30,0
DA:31,0
DA:32,0
DA:33,0
DA:34,0
DA:39,0
DA:42,0
DA:49,0
DA:50,0
DA:61,0
DA:64,0
DA:67,0
DA:76,0
DA:77,0
DA:78,0
DA:79,0
DA:80,0
DA:81,0
DA:82,0
DA:87,0
DA:90,0
DA:97,0
DA:98,0
DA:109,0
DA:112,0
DA:115,0
DA:125,0
DA:126,0
DA:127,0
DA:128,0
DA:129,0
DA:130,0
DA:131,0
DA:132,0
DA:137,0
DA:140,0
DA:147,0
DA:148,0
DA:159,0
DA:162,0
DA:164,0
DA:168,0
DA:170,0
DA:173,0
DA:181,0
DA:182,0
LF:52
LH:0
end_of_record
SF:lib\services\form_error_handler.dart
DA:19,0
DA:25,0
DA:28,0
DA:54,0
DA:58,0
DA:61,0
DA:64,0
DA:65,0
DA:68,0
DA:69,0
DA:72,0
DA:73,0
DA:76,0
DA:94,0
DA:97,0
DA:99,0
DA:102,0
DA:105,0
DA:106,0
DA:109,0
DA:110,0
DA:113,0
DA:131,0
DA:134,0
DA:136,0
DA:139,0
DA:142,0
DA:143,0
DA:146,0
DA:147,0
DA:150,0
DA:164,0
DA:168,0
DA:170,0
DA:171,0
DA:174,0
DA:178,0
DA:179,0
DA:182,0
DA:200,0
DA:205,0
DA:207,0
DA:208,0
DA:211,0
DA:212,0
DA:215,0
DA:229,0
DA:233,0
DA:235,0
DA:249,0
DA:253,0
DA:255,0
DA:256,0
DA:258,0
DA:259,0
DA:261,0
DA:262,0
DA:277,0
DA:281,0
DA:282,0
DA:284,0
DA:285,0
DA:297,0
DA:300,0
DA:301,0
DA:310,0
DA:311,0
DA:312,0
DA:313,0
DA:315,0
DA:317,0
LF:71
LH:0
end_of_record
SF:lib\services\gear_icon_service.dart
DA:7,0
DA:8,0
DA:12,0
DA:14,0
DA:16,0
DA:18,0
DA:20,0
DA:22,0
DA:24,0
DA:26,0
DA:28,0
DA:30,0
DA:32,0
DA:34,0
DA:42,0
DA:43,0
DA:47,0
DA:49,0
DA:51,0
DA:53,0
DA:55,0
DA:57,0
DA:59,0
DA:61,0
DA:63,0
DA:65,0
DA:67,0
DA:69,0
DA:77,0
DA:78,0
LF:30
LH:0
end_of_record
SF:lib\services\project_icon_service.dart
DA:7,0
DA:8,0
DA:9,0
DA:12,0
DA:16,0
DA:20,0
DA:24,0
DA:28,0
DA:32,0
DA:36,0
DA:40,0
DA:45,0
DA:49,0
DA:53,0
DA:62,0
DA:63,0
DA:64,0
DA:67,0
DA:71,0
DA:75,0
DA:79,0
DA:83,0
DA:87,0
DA:91,0
DA:95,0
DA:100,0
DA:104,0
DA:108,0
DA:117,0
DA:118,0
DA:119,0
LF:31
LH:0
end_of_record
SF:lib\services\recovery_service.dart
DA:35,0
DA:41,0
DA:44,0
DA:47,0
DA:48,0
DA:50,0
DA:61,0
DA:67,0
DA:70,0
DA:73,0
DA:76,0
DA:92,0
DA:104,0
DA:108,0
DA:109,0
DA:110,0
DA:115,0
DA:118,0
DA:122,0
DA:126,0
DA:128,0
DA:129,0
DA:133,0
DA:136,0
DA:148,0
DA:159,0
DA:163,0
DA:164,0
DA:169,0
DA:171,0
DA:175,0
DA:176,0
DA:181,0
DA:182,0
DA:189,0
DA:190,0
DA:195,0
DA:196,0
DA:201,0
DA:203,0
DA:204,0
DA:210,0
DA:212,0
DA:213,0
DA:223,0
DA:224,0
DA:225,0
DA:226,0
DA:229,0
DA:232,0
DA:233,0
DA:234,0
DA:237,0
DA:240,0
DA:241,0
DA:257,0
DA:258,0
DA:259,0
DA:260,0
DA:261,0
DA:263,0
DA:265,0
DA:266,0
DA:267,0
DA:274,0
DA:275,0
DA:276,0
DA:277,0
DA:278,0
LF:69
LH:0
end_of_record
SF:lib\services\toast_service.dart
DA:55,0
DA:64,0
DA:67,0
DA:70,0
DA:71,0
DA:79,0
DA:82,0
DA:84,0
DA:87,0
DA:95,0
DA:101,0
DA:114,0
DA:120,0
DA:133,0
DA:139,0
DA:152,0
DA:158,0
DA:168,0
DA:169,0
DA:172,0
DA:195,0
DA:201,0
DA:204,0
DA:211,0
DA:212,0
DA:213,0
DA:216,0
DA:217,0
DA:220,0
DA:221,0
DA:224,0
DA:225,0
DA:234,0
DA:235,0
DA:237,0
DA:238,0
DA:242,0
DA:247,0
DA:249,0
DA:250,0
DA:256,0
DA:257,0
DA:258,0
DA:260,0
DA:262,0
DA:264,0
DA:265,0
DA:266,0
DA:272,0
DA:274,0
DA:275,0
DA:276,0
DA:277,0
DA:283,0
DA:285,0
DA:286,0
DA:292,0
DA:293,0
DA:294,0
DA:295,0
LF:60
LH:0
end_of_record
SF:lib\theme\blkwds_shadows.dart
DA:18,0
DA:19,0
DA:20,0
DA:21,0
DA:22,0
DA:23,0
DA:26,0
DA:28,0
DA:29,0
DA:30,0
DA:31,0
DA:32,0
DA:33,0
DA:39,0
DA:40,0
DA:41,0
DA:42,0
DA:48,0
DA:49,0
DA:50,0
DA:51,0
DA:57,0
DA:58,0
DA:59,0
DA:60,0
DA:66,0
DA:67,0
DA:68,0
DA:69,0
DA:76,0
DA:81,0
DA:82,0
DA:84,0
DA:85,0
DA:88,0
DA:90,0
DA:91,0
DA:100,0
DA:101,0
DA:102,0
DA:105,0
DA:106,0
DA:107,0
DA:113,0
DA:115,0
DA:120,0
DA:121,0
DA:122,0
DA:123,0
DA:128,0
DA:129,0
DA:138,0
DA:139,0
DA:140,0
DA:141,0
DA:146,0
DA:147,0
DA:156,0
DA:157,0
DA:158,0
DA:159,0
DA:164,0
DA:165,0
DA:174,0
DA:175,0
DA:176,0
DA:177,0
DA:182,0
DA:183,0
DA:192,0
DA:193,0
DA:194,0
DA:195,0
DA:200,0
DA:201,0
DA:210,0
DA:211,0
DA:212,0
DA:213,0
DA:218,0
DA:219,0
DA:228,0
DA:229,0
DA:230,0
DA:231,0
DA:240,0
DA:241,0
DA:242,0
DA:243,0
DA:248,0
DA:249,0
DA:258,0
DA:259,0
DA:260,0
DA:261,0
DA:266,0
DA:267,0
LF:97
LH:0
end_of_record
SF:lib\theme\blkwds_gradients.dart
DA:142,0
DA:149,0
DA:150,0
DA:158,0
DA:165,0
DA:166,0
DA:174,0
DA:181,0
LF:8
LH:0
end_of_record
SF:lib\widgets\blkwds_animated_list.dart
DA:22,0
DA:39,0
DA:40,0
DA:47,0
DA:49,0
DA:50,0
DA:53,0
DA:55,0
DA:56,0
DA:57,0
DA:61,0
DA:62,0
DA:63,0
DA:64,0
DA:68,0
DA:69,0
DA:70,0
DA:71,0
DA:72,0
DA:73,0
DA:78,0
DA:82,0
DA:84,0
DA:85,0
DA:88,0
DA:89,0
DA:90,0
DA:91,0
DA:92,0
DA:93,0
DA:94,0
DA:95,0
DA:96,0
DA:97,0
DA:101,0
DA:102,0
DA:103,0
DA:104,0
DA:105,0
DA:106,0
DA:110,0
DA:113,0
DA:116,0
DA:117,0
DA:118,0
DA:119,0
DA:120,0
DA:121,0
DA:122,0
DA:126,0
DA:127,0
DA:128,0
DA:129,0
DA:130,0
DA:156,0
DA:166,0
DA:167,0
DA:177,0
DA:179,0
DA:180,0
DA:182,0
DA:185,0
DA:188,0
DA:189,0
DA:190,0
DA:193,0
DA:194,0
DA:198,0
DA:199,0
DA:200,0
DA:203,0
DA:206,0
DA:207,0
DA:208,0
DA:211,0
DA:212,0
DA:216,0
DA:218,0
DA:219,0
DA:222,0
DA:223,0
DA:224,0
DA:225,0
DA:226,0
DA:227,0
DA:228,0
DA:235,0
DA:237,0
DA:239,0
DA:240,0
DA:241,0
DA:242,0
DA:243,0
DA:246,0
DA:247,0
DA:248,0
DA:249,0
DA:252,0
DA:253,0
DA:254,0
DA:255,0
DA:258,0
DA:259,0
DA:260,0
DA:261,0
DA:262,0
DA:263,0
DA:267,0
DA:268,0
DA:269,0
DA:270,0
DA:271,0
DA:272,0
DA:300,0
DA:319,0
DA:320,0
DA:327,0
DA:329,0
DA:330,0
DA:333,0
DA:335,0
DA:336,0
DA:337,0
DA:341,0
DA:342,0
DA:343,0
DA:344,0
DA:348,0
DA:349,0
DA:350,0
DA:351,0
DA:352,0
DA:353,0
DA:358,0
DA:362,0
DA:364,0
DA:365,0
DA:368,0
DA:369,0
DA:370,0
DA:371,0
DA:372,0
DA:373,0
DA:375,0
DA:376,0
DA:377,0
DA:381,0
DA:382,0
DA:383,0
DA:384,0
DA:385,0
DA:386,0
DA:387,0
DA:388,0
DA:389,0
LF:155
LH:0
end_of_record
SF:lib\widgets\blkwds_animated_switcher.dart
DA:16,0
DA:26,0
DA:28,0
DA:29,0
DA:30,0
DA:31,0
DA:32,0
DA:33,0
DA:34,0
DA:35,0
DA:39,0
DA:40,0
DA:44,0
DA:45,0
DA:46,0
DA:49,0
DA:50,0
DA:55,0
DA:56,0
DA:57,0
DA:60,0
DA:61,0
DA:66,0
DA:67,0
DA:68,0
DA:71,0
DA:72,0
DA:77,0
DA:78,0
DA:79,0
DA:82,0
DA:83,0
DA:88,0
DA:89,0
DA:90,0
DA:93,0
DA:94,0
DA:101,0
DA:102,0
DA:103,0
DA:104,0
DA:105,0
DA:107,0
DA:112,0
DA:141,0
DA:154,0
DA:155,0
DA:159,0
DA:160,0
DA:168,0
DA:170,0
DA:171,0
DA:172,0
DA:175,0
DA:177,0
DA:178,0
DA:179,0
DA:180,0
DA:181,0
DA:184,0
DA:185,0
DA:189,0
DA:191,0
DA:192,0
DA:195,0
DA:196,0
DA:197,0
DA:198,0
DA:199,0
DA:205,0
DA:206,0
DA:207,0
DA:210,0
DA:211,0
DA:212,0
DA:213,0
DA:214,0
DA:215,0
DA:218,0
DA:219,0
DA:224,0
DA:225,0
DA:226,0
DA:227,0
DA:228,0
DA:229,0
DA:232,0
DA:233,0
DA:238,0
DA:239,0
DA:240,0
DA:241,0
DA:243,0
DA:244,0
DA:250,0
DA:252,0
DA:253,0
DA:254,0
DA:255,0
DA:256,0
DA:258,0
DA:259,0
DA:260,0
DA:261,0
DA:262,0
DA:263,0
DA:264,0
DA:269,0
DA:270,0
DA:271,0
DA:273,0
DA:275,0
DA:277,0
DA:278,0
DA:280,0
DA:284,0
DA:286,0
DA:287,0
DA:289,0
DA:296,0
DA:297,0
DA:301,0
DA:303,0
DA:304,0
DA:305,0
DA:306,0
DA:307,0
DA:311,0
DA:313,0
DA:315,0
LF:130
LH:0
end_of_record
SF:lib\widgets\blkwds_bottom_sheet.dart
DA:22,0
DA:31,0
DA:40,0
DA:46,0
DA:55,0
DA:57,0
DA:58,0
DA:59,0
DA:65,0
DA:66,0
DA:67,0
DA:68,0
DA:70,0
DA:72,0
DA:76,0
DA:78,0
DA:83,0
DA:85,0
DA:86,0
DA:87,0
DA:88,0
DA:89,0
DA:90,0
DA:93,0
DA:94,0
DA:96,0
DA:103,0
DA:104,0
DA:105,0
DA:110,0
DA:116,0
DA:117,0
DA:119,0
DA:121,0
LF:34
LH:0
end_of_record
SF:lib\widgets\blkwds_checkbox.dart
DA:15,0
DA:23,0
DA:25,0
DA:26,0
DA:27,0
DA:28,0
DA:32,0
DA:33,0
DA:34,0
DA:37,0
DA:38,0
DA:39,0
DA:42,0
DA:43,0
DA:45,0
DA:46,0
DA:47,0
DA:54,0
DA:55,0
DA:56,0
DA:57,0
DA:58,0
DA:59,0
LF:23
LH:0
end_of_record
SF:lib\widgets\blkwds_date_picker.dart
DA:20,0
DA:32,0
DA:33,0
DA:34,0
DA:35,0
DA:36,0
DA:38,0
DA:43,0
DA:44,0
DA:45,0
DA:51,0
DA:52,0
DA:63,0
DA:67,0
DA:69,0
DA:70,0
DA:71,0
DA:73,0
DA:75,0
DA:77,0
DA:82,0
DA:83,0
DA:84,0
DA:85,0
DA:88,0
DA:89,0
DA:90,0
DA:92,0
DA:97,0
DA:103,0
DA:104,0
DA:105,0
DA:106,0
DA:107,0
DA:111,0
DA:113,0
DA:114,0
DA:115,0
DA:121,0
DA:122,0
DA:123,0
DA:124,0
DA:126,0
DA:127,0
DA:128,0
DA:129,0
DA:143,0
DA:144,0
DA:149,0
DA:150,0
DA:151,0
LF:51
LH:0
end_of_record
SF:lib\widgets\blkwds_dropdown.dart
DA:23,0
DA:38,0
DA:40,0
DA:42,0
DA:44,0
DA:49,0
DA:50,0
DA:51,0
DA:52,0
DA:55,0
DA:56,0
DA:57,0
DA:59,0
DA:64,0
DA:70,0
DA:71,0
DA:73,0
DA:74,0
DA:75,0
DA:80,0
DA:82,0
DA:83,0
DA:84,0
DA:85,0
DA:86,0
DA:89,0
DA:91,0
DA:95,0
DA:103,0
DA:107,0
DA:108,0
DA:109,0
DA:110,0
DA:111,0
DA:116,0
DA:117,0
DA:122,0
DA:123,0
DA:124,0
LF:39
LH:0
end_of_record
SF:lib\widgets\blkwds_expandable.dart
DA:30,0
DA:52,0
DA:53,0
DA:64,0
DA:66,0
DA:67,0
DA:69,0
DA:70,0
DA:74,0
DA:77,0
DA:78,0
DA:79,0
DA:82,0
DA:85,0
DA:86,0
DA:87,0
DA:90,0
DA:93,0
DA:94,0
DA:95,0
DA:97,0
DA:101,0
DA:102,0
DA:106,0
DA:108,0
DA:109,0
DA:112,0
DA:113,0
DA:114,0
DA:115,0
DA:116,0
DA:117,0
DA:118,0
DA:121,0
DA:122,0
DA:123,0
DA:129,0
DA:131,0
DA:132,0
DA:133,0
DA:134,0
DA:136,0
DA:137,0
DA:138,0
DA:139,0
DA:140,0
DA:141,0
DA:147,0
DA:149,0
DA:151,0
DA:152,0
DA:153,0
DA:154,0
DA:159,0
DA:161,0
DA:162,0
DA:163,0
DA:164,0
DA:165,0
DA:166,0
DA:170,0
DA:171,0
DA:172,0
DA:173,0
DA:174,0
DA:175,0
DA:180,0
DA:181,0
DA:182,0
DA:183,0
DA:184,0
DA:185,0
DA:195,0
DA:196,0
DA:197,0
DA:198,0
DA:199,0
DA:200,0
DA:204,0
DA:205,0
DA:206,0
DA:207,0
DA:209,0
DA:210,0
DA:211,0
DA:212,0
DA:216,0
DA:217,0
DA:218,0
DA:219,0
DA:221,0
DA:230,0
DA:231,0
DA:232,0
DA:233,0
DA:251,0
DA:262,0
DA:263,0
DA:269,0
DA:271,0
DA:272,0
DA:273,0
DA:274,0
DA:278,0
DA:280,0
DA:281,0
DA:282,0
DA:283,0
DA:284,0
DA:285,0
DA:286,0
DA:291,0
DA:292,0
DA:293,0
DA:294,0
DA:295,0
DA:298,0
DA:303,0
DA:304,0
DA:305,0
DA:309,0
DA:311,0
DA:312,0
DA:313,0
DA:314,0
DA:315,0
DA:316,0
DA:317,0
DA:318,0
DA:319,0
DA:320,0
DA:324,0
DA:325,0
DA:326,0
DA:327,0
DA:328,0
DA:329,0
DA:330,0
DA:331,0
DA:332,0
DA:333,0
DA:334,0
DA:335,0
DA:336,0
DA:337,0
DA:338,0
DA:339,0
DA:340,0
DA:341,0
DA:342,0
DA:343,0
DA:346,0
DA:347,0
DA:348,0
DA:349,0
DA:377,0
LF:156
LH:0
end_of_record
SF:lib\widgets\blkwds_form_field.dart
DA:121,0
DA:162,0
DA:164,0
DA:166,0
DA:168,0
DA:173,0
DA:174,0
DA:175,0
DA:176,0
DA:179,0
DA:180,0
DA:181,0
DA:183,0
DA:188,0
DA:194,0
DA:195,0
DA:196,0
DA:197,0
DA:198,0
DA:199,0
DA:200,0
DA:201,0
DA:202,0
DA:203,0
DA:204,0
DA:205,0
DA:206,0
DA:207,0
DA:208,0
DA:211,0
DA:212,0
DA:213,0
DA:214,0
DA:215,0
DA:216,0
DA:217,0
DA:218,0
DA:219,0
DA:220,0
DA:221,0
DA:222,0
DA:223,0
DA:224,0
DA:225,0
DA:226,0
DA:227,0
DA:228,0
DA:229,0
DA:231,0
DA:232,0
DA:236,0
DA:237,0
DA:241,0
DA:242,0
DA:243,0
DA:247,0
DA:255,0
DA:256,0
DA:262,0
DA:263,0
DA:264,0
DA:265,0
DA:269,0
DA:270,0
DA:271,0
DA:272,0
DA:276,0
DA:277,0
DA:283,0
DA:284,0
DA:290,0
DA:291,0
DA:292,0
DA:293,0
LF:74
LH:0
end_of_record
SF:lib\widgets\blkwds_icon.dart
DA:37,0
DA:48,0
DA:50,0
DA:51,0
DA:52,0
DA:53,0
DA:59,0
DA:60,0
DA:61,0
DA:67,0
DA:68,0
DA:69,0
DA:70,0
DA:76,0
DA:77,0
DA:79,0
DA:81,0
DA:84,0
DA:87,0
DA:88,0
DA:90,0
LF:21
LH:0
end_of_record
SF:lib\widgets\blkwds_list_item.dart
DA:38,0
DA:54,0
DA:59,0
DA:60,0
DA:61,0
DA:62,0
DA:63,0
DA:70,0
DA:73,0
DA:74,0
DA:79,0
DA:80,0
DA:81,0
DA:83,0
DA:84,0
DA:85,0
DA:86,0
DA:93,0
DA:94,0
DA:95,0
DA:99,0
DA:101,0
DA:102,0
DA:105,0
DA:106,0
DA:107,0
DA:108,0
DA:114,0
DA:115,0
DA:118,0
DA:119,0
DA:120,0
DA:121,0
DA:131,0
DA:132,0
DA:133,0
DA:134,0
DA:135,0
DA:136,0
DA:142,0
DA:143,0
DA:149,0
DA:155,0
DA:156,0
DA:157,0
LF:45
LH:0
end_of_record
SF:lib\widgets\blkwds_snackbar.dart
DA:20,0
DA:30,0
DA:36,0
DA:37,0
DA:38,0
DA:39,0
DA:40,0
DA:41,0
DA:42,0
DA:43,0
DA:47,0
DA:48,0
DA:49,0
DA:50,0
DA:51,0
DA:52,0
DA:53,0
DA:54,0
LF:18
LH:0
end_of_record
SF:lib\widgets\blkwds_text_field.dart
DA:37,0
DA:66,0
DA:68,0
DA:70,0
DA:72,0
DA:77,0
DA:78,0
DA:79,0
DA:80,0
DA:83,0
DA:84,0
DA:85,0
DA:87,0
DA:92,0
DA:98,0
DA:99,0
DA:100,0
DA:101,0
DA:102,0
DA:103,0
DA:104,0
DA:105,0
DA:106,0
DA:107,0
DA:108,0
DA:109,0
DA:110,0
DA:111,0
DA:112,0
DA:113,0
DA:114,0
DA:115,0
DA:116,0
DA:117,0
DA:118,0
DA:119,0
DA:122,0
DA:123,0
DA:126,0
DA:127,0
DA:132,0
DA:136,0
DA:137,0
DA:143,0
DA:144,0
DA:150,0
DA:151,0
DA:157,0
DA:158,0
DA:164,0
DA:165,0
DA:171,0
DA:172,0
DA:173,0
LF:54
LH:0
end_of_record
SF:lib\widgets\blkwds_time_picker.dart
DA:18,0
DA:28,0
DA:29,0
DA:31,0
DA:34,0
DA:35,0
DA:36,0
DA:42,0
DA:43,0
DA:54,0
DA:58,0
DA:59,0
DA:60,0
DA:61,0
DA:62,0
DA:63,0
DA:64,0
DA:65,0
DA:67,0
DA:70,0
DA:72,0
DA:73,0
DA:74,0
DA:76,0
DA:78,0
DA:80,0
DA:85,0
DA:86,0
DA:87,0
DA:88,0
DA:91,0
DA:92,0
DA:93,0
DA:95,0
DA:100,0
DA:106,0
DA:107,0
DA:108,0
DA:109,0
DA:110,0
DA:114,0
DA:116,0
DA:117,0
DA:118,0
DA:124,0
DA:125,0
DA:126,0
DA:127,0
DA:129,0
DA:130,0
DA:131,0
DA:132,0
DA:146,0
DA:147,0
DA:152,0
DA:153,0
DA:154,0
LF:57
LH:0
end_of_record
SF:lib\widgets\error_boundary.dart
DA:33,1
DA:42,1
DA:43,1
DA:56,1
DA:58,1
DA:60,0
DA:64,1
DA:65,2
DA:66,0
DA:68,0
DA:69,0
DA:70,0
DA:71,0
DA:75,0
DA:76,0
DA:80,0
DA:81,0
DA:84,0
DA:89,0
DA:90,0
DA:102,0
DA:103,0
DA:105,0
DA:106,0
DA:107,0
DA:108,0
DA:110,0
DA:113,0
DA:114,0
DA:115,0
DA:116,0
DA:122,0
DA:124,0
DA:132,0
DA:133,0
DA:134,0
DA:140,0
DA:142,0
DA:144,0
DA:145,0
DA:146,0
DA:147,0
DA:172,1
DA:177,1
DA:178,1
DA:182,1
DA:184,2
DA:187,1
DA:189,1
DA:192,1
DA:194,0
DA:198,1
DA:200,1
DA:203,1
DA:205,0
DA:209,0
DA:211,0
DA:214,0
DA:216,0
DA:220,1
DA:224,1
DA:226,0
DA:230,0
DA:232,0
DA:235,0
DA:237,0
DA:241,1
DA:245,1
DA:247,0
DA:251,0
DA:255,0
DA:257,0
LF:72
LH:22
end_of_record
SF:lib\widgets\fallback_widget.dart
DA:68,0
DA:86,0
DA:90,0
DA:102,0
DA:105,0
DA:118,0
DA:126,0
DA:143,0
DA:150,0
DA:165,0
DA:169,0
DA:177,0
DA:180,0
DA:181,0
DA:183,0
DA:185,0
DA:186,0
DA:187,0
DA:188,0
DA:190,0
DA:194,0
DA:196,0
DA:197,0
DA:203,0
DA:206,0
DA:207,0
DA:212,0
DA:215,0
DA:216,0
DA:218,0
DA:225,0
DA:228,0
DA:230,0
DA:232,0
DA:233,0
DA:234,0
DA:235,0
DA:240,0
DA:241,0
DA:244,0
DA:245,0
DA:247,0
DA:252,0
DA:253,0
DA:254,0
DA:255,0
DA:268,0
DA:269,0
DA:270,0
DA:272,0
DA:274,0
DA:276,0
DA:278,0
DA:286,0
DA:287,0
DA:288,0
DA:290,0
DA:292,0
DA:294,0
DA:296,0
DA:304,0
DA:305,0
DA:306,0
DA:308,0
DA:310,0
DA:312,0
DA:314,0
LF:67
LH:0
end_of_record
SF:lib\widgets\category_icon_widget.dart
DA:34,0
DA:46,0
DA:48,0
DA:49,0
DA:51,0
DA:52,0
DA:54,0
DA:57,0
DA:58,0
DA:59,0
DA:60,0
DA:61,0
DA:63,0
DA:64,0
DA:67,0
DA:72,0
DA:76,0
DA:78,0
DA:81,0
DA:82,0
DA:83,0
LF:21
LH:0
end_of_record
SF:lib\widgets\member_avatar_widget.dart
DA:35,0
DA:47,0
DA:50,0
DA:53,0
DA:56,0
DA:57,0
DA:58,0
DA:59,0
DA:61,0
DA:62,0
DA:63,0
DA:64,0
DA:67,0
DA:68,0
DA:70,0
DA:71,0
DA:72,0
DA:79,0
DA:83,0
DA:85,0
DA:87,0
DA:89,0
DA:90,0
DA:91,0
DA:97,0
DA:99,0
DA:100,0
DA:101,0
DA:112,0
DA:113,0
DA:115,0
DA:116,0
DA:117,0
DA:120,0
DA:124,0
DA:125,0
DA:127,0
DA:131,0
DA:133,0
DA:135,0
DA:137,0
DA:139,0
DA:141,0
DA:143,0
DA:145,0
DA:147,0
DA:149,0
DA:151,0
DA:153,0
DA:155,0
DA:157,0
DA:159,0
LF:52
LH:0
end_of_record
SF:lib\widgets\project_thumbnail_widget.dart
DA:36,0
DA:48,0
DA:50,0
DA:51,0
DA:52,0
DA:55,0
DA:56,0
DA:57,0
DA:60,0
DA:61,0
DA:63,0
DA:66,0
DA:67,0
DA:68,0
DA:69,0
DA:70,0
DA:72,0
DA:73,0
DA:76,0
DA:81,0
DA:85,0
DA:87,0
DA:89,0
DA:91,0
DA:92,0
DA:93,0
DA:99,0
DA:101,0
DA:102,0
DA:103,0
LF:30
LH:0
end_of_record
SF:lib\app.dart
DA:16,1
DA:18,1
DA:19,1
DA:23,1
DA:25,1
DA:27,1
DA:31,1
DA:32,1
DA:34,1
DA:35,1
DA:38,1
DA:44,1
DA:46,1
DA:48,1
DA:50,2
DA:53,1
DA:57,0
DA:58,0
DA:59,0
DA:65,1
DA:70,0
DA:71,0
DA:73,0
DA:74,0
DA:76,0
DA:80,1
DA:81,1
DA:83,1
DA:92,1
DA:93,1
DA:94,1
DA:95,1
DA:97,1
DA:99,1
DA:106,1
DA:108,1
DA:111,1
DA:112,1
DA:114,1
DA:117,1
DA:119,0
DA:120,0
LF:42
LH:32
end_of_record
SF:lib\theme\blkwds_theme.dart
DA:11,1
DA:12,2
DA:14,1
DA:29,2
DA:35,1
DA:39,2
DA:42,1
DA:46,1
DA:49,1
DA:50,1
DA:52,1
DA:57,1
DA:58,1
DA:62,1
DA:63,1
DA:67,1
DA:68,1
DA:70,1
DA:75,1
DA:76,1
DA:78,1
DA:80,1
DA:84,1
DA:85,1
DA:87,1
DA:92,1
DA:93,1
DA:95,1
DA:99,1
DA:100,1
DA:101,1
DA:107,1
DA:110,1
DA:111,1
DA:112,1
DA:114,1
DA:115,1
DA:116,1
DA:118,1
DA:119,1
DA:120,1
DA:122,1
DA:123,1
DA:124,1
DA:126,1
DA:127,1
DA:128,1
DA:130,2
DA:133,2
DA:136,2
DA:139,1
DA:143,2
DA:153,1
DA:162,1
DA:164,2
DA:167,1
DA:168,1
DA:175,1
DA:179,1
DA:180,1
DA:185,1
DA:188,1
DA:189,1
DA:191,1
DA:192,1
DA:196,1
DA:200,1
DA:201,1
DA:207,1
DA:208,1
DA:210,1
DA:212,2
DA:215,1
DA:219,1
LF:74
LH:74
end_of_record
